{"/home/daniel/dev/Tyriar/xterm.js/lib/Buffer.js":{"path":"/home/daniel/dev/Tyriar/xterm.js/lib/Buffer.js","statementMap":{"0":{"start":{"line":2,"column":16},"end":{"line":11,"column":4}},"1":{"start":{"line":3,"column":24},"end":{"line":5,"column":82}},"2":{"start":{"line":4,"column":65},"end":{"line":4,"column":81}},"3":{"start":{"line":5,"column":26},"end":{"line":5,"column":80}},"4":{"start":{"line":5,"column":43},"end":{"line":5,"column":80}},"5":{"start":{"line":5,"column":68},"end":{"line":5,"column":80}},"6":{"start":{"line":6,"column":4},"end":{"line":10,"column":6}},"7":{"start":{"line":7,"column":8},"end":{"line":7,"column":28}},"8":{"start":{"line":8,"column":24},"end":{"line":8,"column":45}},"9":{"start":{"line":9,"column":8},"end":{"line":9,"column":93}},"10":{"start":{"line":12,"column":0},"end":{"line":12,"column":62}},"11":{"start":{"line":13,"column":21},"end":{"line":13,"column":52}},"12":{"start":{"line":14,"column":21},"end":{"line":14,"column":46}},"13":{"start":{"line":15,"column":0},"end":{"line":15,"column":33}},"14":{"start":{"line":16,"column":0},"end":{"line":16,"column":33}},"15":{"start":{"line":17,"column":0},"end":{"line":17,"column":34}},"16":{"start":{"line":18,"column":0},"end":{"line":18,"column":33}},"17":{"start":{"line":19,"column":0},"end":{"line":19,"column":37}},"18":{"start":{"line":20,"column":14},"end":{"line":225,"column":3}},"19":{"start":{"line":22,"column":8},"end":{"line":22,"column":35}},"20":{"start":{"line":23,"column":8},"end":{"line":23,"column":45}},"21":{"start":{"line":24,"column":8},"end":{"line":24,"column":26}},"22":{"start":{"line":25,"column":8},"end":{"line":25,"column":21}},"23":{"start":{"line":27,"column":4},"end":{"line":33,"column":7}},"24":{"start":{"line":29,"column":12},"end":{"line":29,"column":85}},"25":{"start":{"line":34,"column":4},"end":{"line":42,"column":7}},"26":{"start":{"line":36,"column":28},"end":{"line":36,"column":47}},"27":{"start":{"line":37,"column":28},"end":{"line":37,"column":50}},"28":{"start":{"line":38,"column":12},"end":{"line":38,"column":71}},"29":{"start":{"line":43,"column":4},"end":{"line":49,"column":6}},"30":{"start":{"line":44,"column":8},"end":{"line":46,"column":9}},"31":{"start":{"line":45,"column":12},"end":{"line":45,"column":24}},"32":{"start":{"line":47,"column":34},"end":{"line":47,"column":74}},"33":{"start":{"line":48,"column":8},"end":{"line":48,"column":109}},"34":{"start":{"line":50,"column":4},"end":{"line":57,"column":6}},"35":{"start":{"line":51,"column":8},"end":{"line":56,"column":9}},"36":{"start":{"line":52,"column":20},"end":{"line":52,"column":39}},"37":{"start":{"line":53,"column":12},"end":{"line":55,"column":13}},"38":{"start":{"line":54,"column":16},"end":{"line":54,"column":60}},"39":{"start":{"line":58,"column":4},"end":{"line":67,"column":6}},"40":{"start":{"line":59,"column":8},"end":{"line":59,"column":23}},"41":{"start":{"line":60,"column":8},"end":{"line":60,"column":23}},"42":{"start":{"line":61,"column":8},"end":{"line":61,"column":19}},"43":{"start":{"line":62,"column":8},"end":{"line":62,"column":19}},"44":{"start":{"line":63,"column":8},"end":{"line":63,"column":104}},"45":{"start":{"line":64,"column":8},"end":{"line":64,"column":27}},"46":{"start":{"line":65,"column":8},"end":{"line":65,"column":52}},"47":{"start":{"line":66,"column":8},"end":{"line":66,"column":29}},"48":{"start":{"line":68,"column":4},"end":{"line":131,"column":6}},"49":{"start":{"line":69,"column":27},"end":{"line":69,"column":64}},"50":{"start":{"line":70,"column":8},"end":{"line":72,"column":9}},"51":{"start":{"line":71,"column":12},"end":{"line":71,"column":48}},"52":{"start":{"line":73,"column":8},"end":{"line":129,"column":9}},"53":{"start":{"line":74,"column":12},"end":{"line":81,"column":13}},"54":{"start":{"line":75,"column":25},"end":{"line":75,"column":61}},"55":{"start":{"line":76,"column":16},"end":{"line":80,"column":17}},"56":{"start":{"line":77,"column":20},"end":{"line":79,"column":21}},"57":{"start":{"line":78,"column":24},"end":{"line":78,"column":51}},"58":{"start":{"line":82,"column":25},"end":{"line":82,"column":26}},"59":{"start":{"line":83,"column":12},"end":{"line":111,"column":13}},"60":{"start":{"line":84,"column":16},"end":{"line":97,"column":17}},"61":{"start":{"line":85,"column":20},"end":{"line":96,"column":21}},"62":{"start":{"line":86,"column":24},"end":{"line":95,"column":25}},"63":{"start":{"line":87,"column":28},"end":{"line":87,"column":41}},"64":{"start":{"line":88,"column":28},"end":{"line":88,"column":37}},"65":{"start":{"line":89,"column":28},"end":{"line":91,"column":29}},"66":{"start":{"line":90,"column":32},"end":{"line":90,"column":45}},"67":{"start":{"line":94,"column":28},"end":{"line":94,"column":101}},"68":{"start":{"line":100,"column":16},"end":{"line":110,"column":17}},"69":{"start":{"line":101,"column":20},"end":{"line":109,"column":21}},"70":{"start":{"line":102,"column":24},"end":{"line":108,"column":25}},"71":{"start":{"line":103,"column":28},"end":{"line":103,"column":45}},"72":{"start":{"line":106,"column":28},"end":{"line":106,"column":41}},"73":{"start":{"line":107,"column":28},"end":{"line":107,"column":41}},"74":{"start":{"line":112,"column":12},"end":{"line":120,"column":13}},"75":{"start":{"line":113,"column":35},"end":{"line":113,"column":67}},"76":{"start":{"line":114,"column":16},"end":{"line":118,"column":17}},"77":{"start":{"line":115,"column":20},"end":{"line":115,"column":55}},"78":{"start":{"line":116,"column":20},"end":{"line":116,"column":72}},"79":{"start":{"line":117,"column":20},"end":{"line":117,"column":72}},"80":{"start":{"line":119,"column":16},"end":{"line":119,"column":52}},"81":{"start":{"line":121,"column":12},"end":{"line":121,"column":51}},"82":{"start":{"line":122,"column":12},"end":{"line":122,"column":51}},"83":{"start":{"line":123,"column":12},"end":{"line":125,"column":13}},"84":{"start":{"line":124,"column":16},"end":{"line":124,"column":33}},"85":{"start":{"line":126,"column":12},"end":{"line":126,"column":61}},"86":{"start":{"line":127,"column":12},"end":{"line":127,"column":61}},"87":{"start":{"line":128,"column":12},"end":{"line":128,"column":31}},"88":{"start":{"line":130,"column":8},"end":{"line":130,"column":40}},"89":{"start":{"line":132,"column":4},"end":{"line":177,"column":6}},"90":{"start":{"line":133,"column":8},"end":{"line":133,"column":50}},"91":{"start":{"line":133,"column":35},"end":{"line":133,"column":48}},"92":{"start":{"line":134,"column":8},"end":{"line":134,"column":49}},"93":{"start":{"line":134,"column":33},"end":{"line":134,"column":47}},"94":{"start":{"line":135,"column":25},"end":{"line":135,"column":27}},"95":{"start":{"line":136,"column":19},"end":{"line":136,"column":44}},"96":{"start":{"line":137,"column":8},"end":{"line":139,"column":9}},"97":{"start":{"line":138,"column":12},"end":{"line":138,"column":22}},"98":{"start":{"line":140,"column":25},"end":{"line":140,"column":33}},"99":{"start":{"line":141,"column":8},"end":{"line":143,"column":9}},"100":{"start":{"line":142,"column":12},"end":{"line":142,"column":33}},"101":{"start":{"line":144,"column":23},"end":{"line":144,"column":29}},"102":{"start":{"line":145,"column":8},"end":{"line":166,"column":9}},"103":{"start":{"line":146,"column":23},"end":{"line":146,"column":30}},"104":{"start":{"line":147,"column":12},"end":{"line":147,"column":61}},"105":{"start":{"line":148,"column":12},"end":{"line":165,"column":13}},"106":{"start":{"line":149,"column":16},"end":{"line":151,"column":17}},"107":{"start":{"line":150,"column":20},"end":{"line":150,"column":33}},"108":{"start":{"line":152,"column":16},"end":{"line":154,"column":17}},"109":{"start":{"line":153,"column":20},"end":{"line":153,"column":31}},"110":{"start":{"line":157,"column":16},"end":{"line":164,"column":17}},"111":{"start":{"line":158,"column":20},"end":{"line":160,"column":21}},"112":{"start":{"line":159,"column":24},"end":{"line":159,"column":84}},"113":{"start":{"line":161,"column":20},"end":{"line":163,"column":21}},"114":{"start":{"line":162,"column":24},"end":{"line":162,"column":82}},"115":{"start":{"line":167,"column":8},"end":{"line":175,"column":9}},"116":{"start":{"line":168,"column":39},"end":{"line":168,"column":64}},"117":{"start":{"line":169,"column":12},"end":{"line":171,"column":13}},"118":{"start":{"line":170,"column":16},"end":{"line":170,"column":68}},"119":{"start":{"line":172,"column":12},"end":{"line":174,"column":13}},"120":{"start":{"line":173,"column":16},"end":{"line":173,"column":26}},"121":{"start":{"line":176,"column":8},"end":{"line":176,"column":58}},"122":{"start":{"line":178,"column":4},"end":{"line":191,"column":6}},"123":{"start":{"line":179,"column":8},"end":{"line":187,"column":9}},"124":{"start":{"line":180,"column":12},"end":{"line":182,"column":13}},"125":{"start":{"line":181,"column":16},"end":{"line":181,"column":37}},"126":{"start":{"line":185,"column":12},"end":{"line":185,"column":27}},"127":{"start":{"line":186,"column":12},"end":{"line":186,"column":18}},"128":{"start":{"line":188,"column":8},"end":{"line":190,"column":9}},"129":{"start":{"line":189,"column":12},"end":{"line":189,"column":32}},"130":{"start":{"line":192,"column":4},"end":{"line":199,"column":6}},"131":{"start":{"line":193,"column":8},"end":{"line":195,"column":9}},"132":{"start":{"line":194,"column":12},"end":{"line":194,"column":23}},"133":{"start":{"line":196,"column":8},"end":{"line":197,"column":13}},"134":{"start":{"line":198,"column":8},"end":{"line":198,"column":82}},"135":{"start":{"line":200,"column":4},"end":{"line":207,"column":6}},"136":{"start":{"line":201,"column":8},"end":{"line":203,"column":9}},"137":{"start":{"line":202,"column":12},"end":{"line":202,"column":23}},"138":{"start":{"line":204,"column":8},"end":{"line":205,"column":13}},"139":{"start":{"line":206,"column":8},"end":{"line":206,"column":82}},"140":{"start":{"line":208,"column":4},"end":{"line":220,"column":6}},"141":{"start":{"line":209,"column":20},"end":{"line":209,"column":24}},"142":{"start":{"line":210,"column":21},"end":{"line":210,"column":34}},"143":{"start":{"line":211,"column":8},"end":{"line":211,"column":34}},"144":{"start":{"line":212,"column":8},"end":{"line":217,"column":12}},"145":{"start":{"line":213,"column":12},"end":{"line":213,"column":34}},"146":{"start":{"line":214,"column":12},"end":{"line":216,"column":13}},"147":{"start":{"line":215,"column":16},"end":{"line":215,"column":33}},"148":{"start":{"line":218,"column":8},"end":{"line":218,"column":82}},"149":{"start":{"line":218,"column":43},"end":{"line":218,"column":78}},"150":{"start":{"line":219,"column":8},"end":{"line":219,"column":22}},"151":{"start":{"line":221,"column":4},"end":{"line":223,"column":6}},"152":{"start":{"line":222,"column":8},"end":{"line":222,"column":61}},"153":{"start":{"line":224,"column":4},"end":{"line":224,"column":18}},"154":{"start":{"line":226,"column":0},"end":{"line":226,"column":24}},"155":{"start":{"line":227,"column":14},"end":{"line":253,"column":30}},"156":{"start":{"line":228,"column":4},"end":{"line":228,"column":30}},"157":{"start":{"line":230,"column":20},"end":{"line":230,"column":45}},"158":{"start":{"line":231,"column":8},"end":{"line":231,"column":26}},"159":{"start":{"line":232,"column":8},"end":{"line":232,"column":37}},"160":{"start":{"line":233,"column":8},"end":{"line":233,"column":33}},"161":{"start":{"line":234,"column":8},"end":{"line":234,"column":31}},"162":{"start":{"line":235,"column":8},"end":{"line":235,"column":21}},"163":{"start":{"line":237,"column":4},"end":{"line":241,"column":7}},"164":{"start":{"line":238,"column":27},"end":{"line":238,"column":43}},"165":{"start":{"line":242,"column":4},"end":{"line":250,"column":6}},"166":{"start":{"line":243,"column":8},"end":{"line":245,"column":9}},"167":{"start":{"line":244,"column":12},"end":{"line":244,"column":19}},"168":{"start":{"line":246,"column":8},"end":{"line":246,"column":31}},"169":{"start":{"line":247,"column":8},"end":{"line":247,"column":71}},"170":{"start":{"line":247,"column":48},"end":{"line":247,"column":67}},"171":{"start":{"line":248,"column":8},"end":{"line":248,"column":36}},"172":{"start":{"line":249,"column":8},"end":{"line":249,"column":29}},"173":{"start":{"line":251,"column":4},"end":{"line":251,"column":23}},"174":{"start":{"line":252,"column":4},"end":{"line":252,"column":18}},"175":{"start":{"line":254,"column":0},"end":{"line":254,"column":24}}},"fnMap":{"0":{"name":"(anonymous_0)","decl":{"start":{"line":2,"column":45},"end":{"line":2,"column":46}},"loc":{"start":{"line":2,"column":57},"end":{"line":11,"column":1}},"line":2},"1":{"name":"(anonymous_1)","decl":{"start":{"line":4,"column":47},"end":{"line":4,"column":48}},"loc":{"start":{"line":4,"column":63},"end":{"line":4,"column":83}},"line":4},"2":{"name":"(anonymous_2)","decl":{"start":{"line":5,"column":8},"end":{"line":5,"column":9}},"loc":{"start":{"line":5,"column":24},"end":{"line":5,"column":82}},"line":5},"3":{"name":"(anonymous_3)","decl":{"start":{"line":6,"column":11},"end":{"line":6,"column":12}},"loc":{"start":{"line":6,"column":27},"end":{"line":10,"column":5}},"line":6},"4":{"name":"__","decl":{"start":{"line":8,"column":17},"end":{"line":8,"column":19}},"loc":{"start":{"line":8,"column":22},"end":{"line":8,"column":47}},"line":8},"5":{"name":"(anonymous_5)","decl":{"start":{"line":20,"column":14},"end":{"line":20,"column":15}},"loc":{"start":{"line":20,"column":26},"end":{"line":225,"column":1}},"line":20},"6":{"name":"Buffer","decl":{"start":{"line":21,"column":13},"end":{"line":21,"column":19}},"loc":{"start":{"line":21,"column":47},"end":{"line":26,"column":5}},"line":21},"7":{"name":"(anonymous_7)","decl":{"start":{"line":28,"column":13},"end":{"line":28,"column":14}},"loc":{"start":{"line":28,"column":25},"end":{"line":30,"column":9}},"line":28},"8":{"name":"(anonymous_8)","decl":{"start":{"line":35,"column":13},"end":{"line":35,"column":14}},"loc":{"start":{"line":35,"column":25},"end":{"line":39,"column":9}},"line":35},"9":{"name":"(anonymous_9)","decl":{"start":{"line":43,"column":47},"end":{"line":43,"column":48}},"loc":{"start":{"line":43,"column":63},"end":{"line":49,"column":5}},"line":43},"10":{"name":"(anonymous_10)","decl":{"start":{"line":50,"column":40},"end":{"line":50,"column":41}},"loc":{"start":{"line":50,"column":52},"end":{"line":57,"column":5}},"line":50},"11":{"name":"(anonymous_11)","decl":{"start":{"line":58,"column":29},"end":{"line":58,"column":30}},"loc":{"start":{"line":58,"column":41},"end":{"line":67,"column":5}},"line":58},"12":{"name":"(anonymous_12)","decl":{"start":{"line":68,"column":30},"end":{"line":68,"column":31}},"loc":{"start":{"line":68,"column":58},"end":{"line":131,"column":5}},"line":68},"13":{"name":"(anonymous_13)","decl":{"start":{"line":132,"column":51},"end":{"line":132,"column":52}},"loc":{"start":{"line":132,"column":101},"end":{"line":177,"column":5}},"line":132},"14":{"name":"(anonymous_14)","decl":{"start":{"line":178,"column":37},"end":{"line":178,"column":38}},"loc":{"start":{"line":178,"column":50},"end":{"line":191,"column":5}},"line":178},"15":{"name":"(anonymous_15)","decl":{"start":{"line":192,"column":32},"end":{"line":192,"column":33}},"loc":{"start":{"line":192,"column":45},"end":{"line":199,"column":5}},"line":192},"16":{"name":"(anonymous_16)","decl":{"start":{"line":200,"column":32},"end":{"line":200,"column":33}},"loc":{"start":{"line":200,"column":45},"end":{"line":207,"column":5}},"line":200},"17":{"name":"(anonymous_17)","decl":{"start":{"line":208,"column":33},"end":{"line":208,"column":34}},"loc":{"start":{"line":208,"column":46},"end":{"line":220,"column":5}},"line":208},"18":{"name":"(anonymous_18)","decl":{"start":{"line":212,"column":73},"end":{"line":212,"column":74}},"loc":{"start":{"line":212,"column":91},"end":{"line":217,"column":9}},"line":212},"19":{"name":"(anonymous_19)","decl":{"start":{"line":218,"column":29},"end":{"line":218,"column":30}},"loc":{"start":{"line":218,"column":41},"end":{"line":218,"column":80}},"line":218},"20":{"name":"(anonymous_20)","decl":{"start":{"line":221,"column":37},"end":{"line":221,"column":38}},"loc":{"start":{"line":221,"column":55},"end":{"line":223,"column":5}},"line":221},"21":{"name":"(anonymous_21)","decl":{"start":{"line":227,"column":14},"end":{"line":227,"column":15}},"loc":{"start":{"line":227,"column":32},"end":{"line":253,"column":1}},"line":227},"22":{"name":"Marker","decl":{"start":{"line":229,"column":13},"end":{"line":229,"column":19}},"loc":{"start":{"line":229,"column":26},"end":{"line":236,"column":5}},"line":229},"23":{"name":"(anonymous_23)","decl":{"start":{"line":238,"column":13},"end":{"line":238,"column":14}},"loc":{"start":{"line":238,"column":25},"end":{"line":238,"column":45}},"line":238},"24":{"name":"(anonymous_24)","decl":{"start":{"line":242,"column":31},"end":{"line":242,"column":32}},"loc":{"start":{"line":242,"column":43},"end":{"line":250,"column":5}},"line":242},"25":{"name":"(anonymous_25)","decl":{"start":{"line":247,"column":33},"end":{"line":247,"column":34}},"loc":{"start":{"line":247,"column":46},"end":{"line":247,"column":69}},"line":247}},"branchMap":{"0":{"loc":{"start":{"line":2,"column":16},"end":{"line":11,"column":4}},"type":"binary-expr","locations":[{"start":{"line":2,"column":17},"end":{"line":2,"column":21}},{"start":{"line":2,"column":25},"end":{"line":2,"column":39}},{"start":{"line":2,"column":44},"end":{"line":11,"column":4}}],"line":2},"1":{"loc":{"start":{"line":3,"column":24},"end":{"line":5,"column":82}},"type":"binary-expr","locations":[{"start":{"line":3,"column":24},"end":{"line":3,"column":45}},{"start":{"line":4,"column":9},"end":{"line":4,"column":43}},{"start":{"line":4,"column":47},"end":{"line":4,"column":83}},{"start":{"line":5,"column":8},"end":{"line":5,"column":82}}],"line":3},"2":{"loc":{"start":{"line":5,"column":43},"end":{"line":5,"column":80}},"type":"if","locations":[{"start":{"line":5,"column":43},"end":{"line":5,"column":80}},{"start":{"line":5,"column":43},"end":{"line":5,"column":80}}],"line":5},"3":{"loc":{"start":{"line":9,"column":22},"end":{"line":9,"column":92}},"type":"cond-expr","locations":[{"start":{"line":9,"column":35},"end":{"line":9,"column":51}},{"start":{"line":9,"column":55},"end":{"line":9,"column":91}}],"line":9},"4":{"loc":{"start":{"line":29,"column":19},"end":{"line":29,"column":84}},"type":"binary-expr","locations":[{"start":{"line":29,"column":19},"end":{"line":29,"column":38}},{"start":{"line":29,"column":42},"end":{"line":29,"column":84}}],"line":29},"5":{"loc":{"start":{"line":38,"column":20},"end":{"line":38,"column":69}},"type":"binary-expr","locations":[{"start":{"line":38,"column":20},"end":{"line":38,"column":34}},{"start":{"line":38,"column":38},"end":{"line":38,"column":69}}],"line":38},"6":{"loc":{"start":{"line":44,"column":8},"end":{"line":46,"column":9}},"type":"if","locations":[{"start":{"line":44,"column":8},"end":{"line":46,"column":9}},{"start":{"line":44,"column":8},"end":{"line":46,"column":9}}],"line":44},"7":{"loc":{"start":{"line":48,"column":15},"end":{"line":48,"column":108}},"type":"cond-expr","locations":[{"start":{"line":48,"column":63},"end":{"line":48,"column":86}},{"start":{"line":48,"column":89},"end":{"line":48,"column":108}}],"line":48},"8":{"loc":{"start":{"line":51,"column":8},"end":{"line":56,"column":9}},"type":"if","locations":[{"start":{"line":51,"column":8},"end":{"line":56,"column":9}},{"start":{"line":51,"column":8},"end":{"line":56,"column":9}}],"line":51},"9":{"loc":{"start":{"line":70,"column":8},"end":{"line":72,"column":9}},"type":"if","locations":[{"start":{"line":70,"column":8},"end":{"line":72,"column":9}},{"start":{"line":70,"column":8},"end":{"line":72,"column":9}}],"line":70},"10":{"loc":{"start":{"line":73,"column":8},"end":{"line":129,"column":9}},"type":"if","locations":[{"start":{"line":73,"column":8},"end":{"line":129,"column":9}},{"start":{"line":73,"column":8},"end":{"line":129,"column":9}}],"line":73},"11":{"loc":{"start":{"line":74,"column":12},"end":{"line":81,"column":13}},"type":"if","locations":[{"start":{"line":74,"column":12},"end":{"line":81,"column":13}},{"start":{"line":74,"column":12},"end":{"line":81,"column":13}}],"line":74},"12":{"loc":{"start":{"line":83,"column":12},"end":{"line":111,"column":13}},"type":"if","locations":[{"start":{"line":83,"column":12},"end":{"line":111,"column":13}},{"start":{"line":83,"column":12},"end":{"line":111,"column":13}}],"line":83},"13":{"loc":{"start":{"line":85,"column":20},"end":{"line":96,"column":21}},"type":"if","locations":[{"start":{"line":85,"column":20},"end":{"line":96,"column":21}},{"start":{"line":85,"column":20},"end":{"line":96,"column":21}}],"line":85},"14":{"loc":{"start":{"line":86,"column":24},"end":{"line":95,"column":25}},"type":"if","locations":[{"start":{"line":86,"column":24},"end":{"line":95,"column":25}},{"start":{"line":86,"column":24},"end":{"line":95,"column":25}}],"line":86},"15":{"loc":{"start":{"line":86,"column":28},"end":{"line":86,"column":99}},"type":"binary-expr","locations":[{"start":{"line":86,"column":28},"end":{"line":86,"column":42}},{"start":{"line":86,"column":46},"end":{"line":86,"column":99}}],"line":86},"16":{"loc":{"start":{"line":89,"column":28},"end":{"line":91,"column":29}},"type":"if","locations":[{"start":{"line":89,"column":28},"end":{"line":91,"column":29}},{"start":{"line":89,"column":28},"end":{"line":91,"column":29}}],"line":89},"17":{"loc":{"start":{"line":101,"column":20},"end":{"line":109,"column":21}},"type":"if","locations":[{"start":{"line":101,"column":20},"end":{"line":109,"column":21}},{"start":{"line":101,"column":20},"end":{"line":109,"column":21}}],"line":101},"18":{"loc":{"start":{"line":102,"column":24},"end":{"line":108,"column":25}},"type":"if","locations":[{"start":{"line":102,"column":24},"end":{"line":108,"column":25}},{"start":{"line":102,"column":24},"end":{"line":108,"column":25}}],"line":102},"19":{"loc":{"start":{"line":112,"column":12},"end":{"line":120,"column":13}},"type":"if","locations":[{"start":{"line":112,"column":12},"end":{"line":120,"column":13}},{"start":{"line":112,"column":12},"end":{"line":120,"column":13}}],"line":112},"20":{"loc":{"start":{"line":114,"column":16},"end":{"line":118,"column":17}},"type":"if","locations":[{"start":{"line":114,"column":16},"end":{"line":118,"column":17}},{"start":{"line":114,"column":16},"end":{"line":118,"column":17}}],"line":114},"21":{"loc":{"start":{"line":123,"column":12},"end":{"line":125,"column":13}},"type":"if","locations":[{"start":{"line":123,"column":12},"end":{"line":125,"column":13}},{"start":{"line":123,"column":12},"end":{"line":125,"column":13}}],"line":123},"22":{"loc":{"start":{"line":133,"column":8},"end":{"line":133,"column":50}},"type":"if","locations":[{"start":{"line":133,"column":8},"end":{"line":133,"column":50}},{"start":{"line":133,"column":8},"end":{"line":133,"column":50}}],"line":133},"23":{"loc":{"start":{"line":134,"column":8},"end":{"line":134,"column":49}},"type":"if","locations":[{"start":{"line":134,"column":8},"end":{"line":134,"column":49}},{"start":{"line":134,"column":8},"end":{"line":134,"column":49}}],"line":134},"24":{"loc":{"start":{"line":137,"column":8},"end":{"line":139,"column":9}},"type":"if","locations":[{"start":{"line":137,"column":8},"end":{"line":139,"column":9}},{"start":{"line":137,"column":8},"end":{"line":139,"column":9}}],"line":137},"25":{"loc":{"start":{"line":141,"column":8},"end":{"line":143,"column":9}},"type":"if","locations":[{"start":{"line":141,"column":8},"end":{"line":143,"column":9}},{"start":{"line":141,"column":8},"end":{"line":143,"column":9}}],"line":141},"26":{"loc":{"start":{"line":148,"column":12},"end":{"line":165,"column":13}},"type":"if","locations":[{"start":{"line":148,"column":12},"end":{"line":165,"column":13}},{"start":{"line":148,"column":12},"end":{"line":165,"column":13}}],"line":148},"27":{"loc":{"start":{"line":149,"column":16},"end":{"line":151,"column":17}},"type":"if","locations":[{"start":{"line":149,"column":16},"end":{"line":151,"column":17}},{"start":{"line":149,"column":16},"end":{"line":151,"column":17}}],"line":149},"28":{"loc":{"start":{"line":152,"column":16},"end":{"line":154,"column":17}},"type":"if","locations":[{"start":{"line":152,"column":16},"end":{"line":154,"column":17}},{"start":{"line":152,"column":16},"end":{"line":154,"column":17}}],"line":152},"29":{"loc":{"start":{"line":157,"column":16},"end":{"line":164,"column":17}},"type":"if","locations":[{"start":{"line":157,"column":16},"end":{"line":164,"column":17}},{"start":{"line":157,"column":16},"end":{"line":164,"column":17}}],"line":157},"30":{"loc":{"start":{"line":158,"column":20},"end":{"line":160,"column":21}},"type":"if","locations":[{"start":{"line":158,"column":20},"end":{"line":160,"column":21}},{"start":{"line":158,"column":20},"end":{"line":160,"column":21}}],"line":158},"31":{"loc":{"start":{"line":161,"column":20},"end":{"line":163,"column":21}},"type":"if","locations":[{"start":{"line":161,"column":20},"end":{"line":163,"column":21}},{"start":{"line":161,"column":20},"end":{"line":163,"column":21}}],"line":161},"32":{"loc":{"start":{"line":167,"column":8},"end":{"line":175,"column":9}},"type":"if","locations":[{"start":{"line":167,"column":8},"end":{"line":175,"column":9}},{"start":{"line":167,"column":8},"end":{"line":175,"column":9}}],"line":167},"33":{"loc":{"start":{"line":169,"column":12},"end":{"line":171,"column":13}},"type":"if","locations":[{"start":{"line":169,"column":12},"end":{"line":171,"column":13}},{"start":{"line":169,"column":12},"end":{"line":171,"column":13}}],"line":169},"34":{"loc":{"start":{"line":172,"column":12},"end":{"line":174,"column":13}},"type":"if","locations":[{"start":{"line":172,"column":12},"end":{"line":174,"column":13}},{"start":{"line":172,"column":12},"end":{"line":174,"column":13}}],"line":172},"35":{"loc":{"start":{"line":179,"column":8},"end":{"line":187,"column":9}},"type":"if","locations":[{"start":{"line":179,"column":8},"end":{"line":187,"column":9}},{"start":{"line":179,"column":8},"end":{"line":187,"column":9}}],"line":179},"36":{"loc":{"start":{"line":180,"column":12},"end":{"line":182,"column":13}},"type":"if","locations":[{"start":{"line":180,"column":12},"end":{"line":182,"column":13}},{"start":{"line":180,"column":12},"end":{"line":182,"column":13}}],"line":180},"37":{"loc":{"start":{"line":193,"column":8},"end":{"line":195,"column":9}},"type":"if","locations":[{"start":{"line":193,"column":8},"end":{"line":195,"column":9}},{"start":{"line":193,"column":8},"end":{"line":195,"column":9}}],"line":193},"38":{"loc":{"start":{"line":196,"column":15},"end":{"line":196,"column":39}},"type":"binary-expr","locations":[{"start":{"line":196,"column":15},"end":{"line":196,"column":30}},{"start":{"line":196,"column":34},"end":{"line":196,"column":39}}],"line":196},"39":{"loc":{"start":{"line":198,"column":15},"end":{"line":198,"column":81}},"type":"cond-expr","locations":[{"start":{"line":198,"column":42},"end":{"line":198,"column":65}},{"start":{"line":198,"column":68},"end":{"line":198,"column":81}}],"line":198},"40":{"loc":{"start":{"line":198,"column":68},"end":{"line":198,"column":81}},"type":"cond-expr","locations":[{"start":{"line":198,"column":76},"end":{"line":198,"column":77}},{"start":{"line":198,"column":80},"end":{"line":198,"column":81}}],"line":198},"41":{"loc":{"start":{"line":201,"column":8},"end":{"line":203,"column":9}},"type":"if","locations":[{"start":{"line":201,"column":8},"end":{"line":203,"column":9}},{"start":{"line":201,"column":8},"end":{"line":203,"column":9}}],"line":201},"42":{"loc":{"start":{"line":204,"column":15},"end":{"line":204,"column":57}},"type":"binary-expr","locations":[{"start":{"line":204,"column":15},"end":{"line":204,"column":30}},{"start":{"line":204,"column":34},"end":{"line":204,"column":57}}],"line":204},"43":{"loc":{"start":{"line":206,"column":15},"end":{"line":206,"column":81}},"type":"cond-expr","locations":[{"start":{"line":206,"column":42},"end":{"line":206,"column":65}},{"start":{"line":206,"column":68},"end":{"line":206,"column":81}}],"line":206},"44":{"loc":{"start":{"line":206,"column":68},"end":{"line":206,"column":81}},"type":"cond-expr","locations":[{"start":{"line":206,"column":76},"end":{"line":206,"column":77}},{"start":{"line":206,"column":80},"end":{"line":206,"column":81}}],"line":206},"45":{"loc":{"start":{"line":214,"column":12},"end":{"line":216,"column":13}},"type":"if","locations":[{"start":{"line":214,"column":12},"end":{"line":216,"column":13}},{"start":{"line":214,"column":12},"end":{"line":216,"column":13}}],"line":214},"46":{"loc":{"start":{"line":230,"column":20},"end":{"line":230,"column":45}},"type":"binary-expr","locations":[{"start":{"line":230,"column":20},"end":{"line":230,"column":37}},{"start":{"line":230,"column":41},"end":{"line":230,"column":45}}],"line":230},"47":{"loc":{"start":{"line":243,"column":8},"end":{"line":245,"column":9}},"type":"if","locations":[{"start":{"line":243,"column":8},"end":{"line":245,"column":9}},{"start":{"line":243,"column":8},"end":{"line":245,"column":9}}],"line":243}},"s":{"0":1,"1":1,"2":0,"3":0,"4":0,"5":0,"6":1,"7":1,"8":1,"9":1,"10":1,"11":1,"12":1,"13":1,"14":1,"15":1,"16":1,"17":1,"18":1,"19":2915,"20":2915,"21":2915,"22":2915,"23":1,"24":0,"25":1,"26":0,"27":0,"28":0,"29":1,"30":2934,"31":1455,"32":1479,"33":1479,"34":1,"35":1462,"36":1462,"37":1462,"38":34465,"39":1,"40":2915,"41":2915,"42":2915,"43":2915,"44":2915,"45":2915,"46":2915,"47":2915,"48":1,"49":19,"50":19,"51":5,"52":19,"53":15,"54":2,"55":2,"56":48,"57":360,"58":15,"59":15,"60":5,"61":49,"62":49,"63":10,"64":10,"65":10,"66":5,"67":39,"68":10,"69":37,"70":37,"71":27,"72":10,"73":10,"74":15,"75":8,"76":8,"77":2,"78":2,"79":2,"80":8,"81":15,"82":15,"83":15,"84":2,"85":15,"86":15,"87":15,"88":19,"89":1,"90":190,"91":103,"92":190,"93":103,"94":190,"95":190,"96":190,"97":0,"98":190,"99":190,"100":104,"101":190,"102":190,"103":2234,"104":2234,"105":2234,"106":120,"107":30,"108":120,"109":110,"110":2114,"111":132,"112":20,"113":132,"114":113,"115":190,"116":90,"117":90,"118":0,"119":90,"120":0,"121":190,"122":1,"123":5811,"124":0,"125":0,"126":5811,"127":5811,"128":5811,"129":56751,"130":1,"131":0,"132":0,"133":0,"134":0,"135":1,"136":68,"137":68,"138":68,"139":68,"140":1,"141":2,"142":2,"143":2,"144":2,"145":2,"146":2,"147":1,"148":2,"149":1,"150":2,"151":1,"152":1,"153":1,"154":1,"155":1,"156":1,"157":2,"158":2,"159":2,"160":2,"161":2,"162":2,"163":1,"164":0,"165":1,"166":1,"167":0,"168":1,"169":1,"170":1,"171":1,"172":1,"173":1,"174":1,"175":1},"f":{"0":1,"1":0,"2":0,"3":1,"4":1,"5":1,"6":2915,"7":0,"8":0,"9":2934,"10":1462,"11":2915,"12":19,"13":190,"14":5811,"15":0,"16":68,"17":2,"18":2,"19":1,"20":1,"21":1,"22":2,"23":0,"24":1,"25":1},"b":{"0":[1,1,1],"1":[1,0,0,0],"2":[0,0],"3":[0,1],"4":[0,0],"5":[0,0],"6":[1455,1479],"7":[0,1479],"8":[1462,0],"9":[5,14],"10":[15,4],"11":[2,13],"12":[5,10],"13":[49,0],"14":[10,39],"15":[49,10],"16":[5,5],"17":[37,0],"18":[27,10],"19":[8,7],"20":[2,6],"21":[2,13],"22":[103,87],"23":[103,87],"24":[0,190],"25":[104,86],"26":[120,2114],"27":[30,90],"28":[110,10],"29":[132,1982],"30":[20,112],"31":[113,19],"32":[90,100],"33":[0,90],"34":[0,90],"35":[0,5811],"36":[0,0],"37":[0,0],"38":[0,0],"39":[0,0],"40":[0,0],"41":[68,0],"42":[611,551],"43":[8,60],"44":[0,60],"45":[1,1],"46":[2,2],"47":[0,1]},"_coverageSchema":"332fd63041d2c1bcb487cc26dd0d5f7d97098a6c","hash":"071001b2d28ba220f368a069f46201a7090f01cc","contentHash":"427bd33a243aba9e7de922e5954985e3_11.8.0"},"/home/daniel/dev/Tyriar/xterm.js/lib/utils/CircularList.js":{"path":"/home/daniel/dev/Tyriar/xterm.js/lib/utils/CircularList.js","statementMap":{"0":{"start":{"line":2,"column":16},"end":{"line":11,"column":4}},"1":{"start":{"line":3,"column":24},"end":{"line":5,"column":82}},"2":{"start":{"line":4,"column":65},"end":{"line":4,"column":81}},"3":{"start":{"line":5,"column":26},"end":{"line":5,"column":80}},"4":{"start":{"line":5,"column":43},"end":{"line":5,"column":80}},"5":{"start":{"line":5,"column":68},"end":{"line":5,"column":80}},"6":{"start":{"line":6,"column":4},"end":{"line":10,"column":6}},"7":{"start":{"line":7,"column":8},"end":{"line":7,"column":28}},"8":{"start":{"line":8,"column":24},"end":{"line":8,"column":45}},"9":{"start":{"line":9,"column":8},"end":{"line":9,"column":93}},"10":{"start":{"line":12,"column":0},"end":{"line":12,"column":62}},"11":{"start":{"line":13,"column":21},"end":{"line":13,"column":47}},"12":{"start":{"line":14,"column":20},"end":{"line":151,"column":30}},"13":{"start":{"line":15,"column":4},"end":{"line":15,"column":36}},"14":{"start":{"line":17,"column":20},"end":{"line":17,"column":45}},"15":{"start":{"line":18,"column":8},"end":{"line":18,"column":38}},"16":{"start":{"line":19,"column":8},"end":{"line":19,"column":51}},"17":{"start":{"line":20,"column":8},"end":{"line":20,"column":30}},"18":{"start":{"line":21,"column":8},"end":{"line":21,"column":26}},"19":{"start":{"line":22,"column":8},"end":{"line":22,"column":21}},"20":{"start":{"line":24,"column":4},"end":{"line":42,"column":7}},"21":{"start":{"line":26,"column":12},"end":{"line":26,"column":35}},"22":{"start":{"line":29,"column":12},"end":{"line":31,"column":13}},"23":{"start":{"line":30,"column":16},"end":{"line":30,"column":23}},"24":{"start":{"line":32,"column":27},"end":{"line":32,"column":50}},"25":{"start":{"line":33,"column":12},"end":{"line":35,"column":13}},"26":{"start":{"line":34,"column":16},"end":{"line":34,"column":67}},"27":{"start":{"line":36,"column":12},"end":{"line":36,"column":35}},"28":{"start":{"line":37,"column":12},"end":{"line":37,"column":43}},"29":{"start":{"line":38,"column":12},"end":{"line":38,"column":33}},"30":{"start":{"line":43,"column":4},"end":{"line":57,"column":7}},"31":{"start":{"line":45,"column":12},"end":{"line":45,"column":32}},"32":{"start":{"line":48,"column":12},"end":{"line":52,"column":13}},"33":{"start":{"line":49,"column":16},"end":{"line":51,"column":17}},"34":{"start":{"line":50,"column":20},"end":{"line":50,"column":47}},"35":{"start":{"line":53,"column":12},"end":{"line":53,"column":37}},"36":{"start":{"line":58,"column":4},"end":{"line":60,"column":6}},"37":{"start":{"line":59,"column":8},"end":{"line":59,"column":56}},"38":{"start":{"line":61,"column":4},"end":{"line":63,"column":6}},"39":{"start":{"line":62,"column":8},"end":{"line":62,"column":57}},"40":{"start":{"line":64,"column":4},"end":{"line":76,"column":6}},"41":{"start":{"line":65,"column":8},"end":{"line":65,"column":64}},"42":{"start":{"line":66,"column":8},"end":{"line":75,"column":9}},"43":{"start":{"line":67,"column":12},"end":{"line":67,"column":31}},"44":{"start":{"line":68,"column":12},"end":{"line":70,"column":13}},"45":{"start":{"line":69,"column":16},"end":{"line":69,"column":37}},"46":{"start":{"line":71,"column":12},"end":{"line":71,"column":33}},"47":{"start":{"line":74,"column":12},"end":{"line":74,"column":27}},"48":{"start":{"line":77,"column":4},"end":{"line":79,"column":6}},"49":{"start":{"line":78,"column":8},"end":{"line":78,"column":69}},"50":{"start":{"line":80,"column":4},"end":{"line":108,"column":6}},"51":{"start":{"line":81,"column":20},"end":{"line":81,"column":22}},"52":{"start":{"line":82,"column":8},"end":{"line":84,"column":9}},"53":{"start":{"line":83,"column":12},"end":{"line":83,"column":42}},"54":{"start":{"line":85,"column":8},"end":{"line":90,"column":9}},"55":{"start":{"line":86,"column":12},"end":{"line":88,"column":13}},"56":{"start":{"line":87,"column":16},"end":{"line":87,"column":106}},"57":{"start":{"line":89,"column":12},"end":{"line":89,"column":40}},"58":{"start":{"line":91,"column":8},"end":{"line":107,"column":9}},"59":{"start":{"line":92,"column":12},"end":{"line":94,"column":13}},"60":{"start":{"line":93,"column":16},"end":{"line":93,"column":107}},"61":{"start":{"line":95,"column":12},"end":{"line":97,"column":13}},"62":{"start":{"line":96,"column":16},"end":{"line":96,"column":72}},"63":{"start":{"line":98,"column":12},"end":{"line":106,"column":13}},"64":{"start":{"line":99,"column":34},"end":{"line":99,"column":80}},"65":{"start":{"line":100,"column":16},"end":{"line":100,"column":48}},"66":{"start":{"line":101,"column":16},"end":{"line":101,"column":46}},"67":{"start":{"line":102,"column":16},"end":{"line":102,"column":47}},"68":{"start":{"line":105,"column":16},"end":{"line":105,"column":45}},"69":{"start":{"line":109,"column":4},"end":{"line":116,"column":6}},"70":{"start":{"line":110,"column":8},"end":{"line":112,"column":9}},"71":{"start":{"line":111,"column":12},"end":{"line":111,"column":33}},"72":{"start":{"line":113,"column":8},"end":{"line":113,"column":34}},"73":{"start":{"line":114,"column":8},"end":{"line":114,"column":30}},"74":{"start":{"line":115,"column":8},"end":{"line":115,"column":33}},"75":{"start":{"line":117,"column":4},"end":{"line":146,"column":6}},"76":{"start":{"line":118,"column":8},"end":{"line":120,"column":9}},"77":{"start":{"line":119,"column":12},"end":{"line":119,"column":19}},"78":{"start":{"line":121,"column":8},"end":{"line":123,"column":9}},"79":{"start":{"line":122,"column":12},"end":{"line":122,"column":59}},"80":{"start":{"line":124,"column":8},"end":{"line":126,"column":9}},"81":{"start":{"line":125,"column":12},"end":{"line":125,"column":76}},"82":{"start":{"line":127,"column":8},"end":{"line":145,"column":9}},"83":{"start":{"line":128,"column":12},"end":{"line":130,"column":13}},"84":{"start":{"line":129,"column":16},"end":{"line":129,"column":66}},"85":{"start":{"line":131,"column":31},"end":{"line":131,"column":70}},"86":{"start":{"line":132,"column":12},"end":{"line":139,"column":13}},"87":{"start":{"line":133,"column":16},"end":{"line":133,"column":45}},"88":{"start":{"line":134,"column":16},"end":{"line":138,"column":17}},"89":{"start":{"line":135,"column":20},"end":{"line":135,"column":35}},"90":{"start":{"line":136,"column":20},"end":{"line":136,"column":39}},"91":{"start":{"line":137,"column":20},"end":{"line":137,"column":41}},"92":{"start":{"line":142,"column":12},"end":{"line":144,"column":13}},"93":{"start":{"line":143,"column":16},"end":{"line":143,"column":66}},"94":{"start":{"line":147,"column":4},"end":{"line":149,"column":6}},"95":{"start":{"line":148,"column":8},"end":{"line":148,"column":59}},"96":{"start":{"line":150,"column":4},"end":{"line":150,"column":24}},"97":{"start":{"line":152,"column":0},"end":{"line":152,"column":36}}},"fnMap":{"0":{"name":"(anonymous_0)","decl":{"start":{"line":2,"column":45},"end":{"line":2,"column":46}},"loc":{"start":{"line":2,"column":57},"end":{"line":11,"column":1}},"line":2},"1":{"name":"(anonymous_1)","decl":{"start":{"line":4,"column":47},"end":{"line":4,"column":48}},"loc":{"start":{"line":4,"column":63},"end":{"line":4,"column":83}},"line":4},"2":{"name":"(anonymous_2)","decl":{"start":{"line":5,"column":8},"end":{"line":5,"column":9}},"loc":{"start":{"line":5,"column":24},"end":{"line":5,"column":82}},"line":5},"3":{"name":"(anonymous_3)","decl":{"start":{"line":6,"column":11},"end":{"line":6,"column":12}},"loc":{"start":{"line":6,"column":27},"end":{"line":10,"column":5}},"line":6},"4":{"name":"__","decl":{"start":{"line":8,"column":17},"end":{"line":8,"column":19}},"loc":{"start":{"line":8,"column":22},"end":{"line":8,"column":47}},"line":8},"5":{"name":"(anonymous_5)","decl":{"start":{"line":14,"column":20},"end":{"line":14,"column":21}},"loc":{"start":{"line":14,"column":38},"end":{"line":151,"column":1}},"line":14},"6":{"name":"CircularList","decl":{"start":{"line":16,"column":13},"end":{"line":16,"column":25}},"loc":{"start":{"line":16,"column":38},"end":{"line":23,"column":5}},"line":16},"7":{"name":"(anonymous_7)","decl":{"start":{"line":25,"column":13},"end":{"line":25,"column":14}},"loc":{"start":{"line":25,"column":25},"end":{"line":27,"column":9}},"line":25},"8":{"name":"(anonymous_8)","decl":{"start":{"line":28,"column":13},"end":{"line":28,"column":14}},"loc":{"start":{"line":28,"column":37},"end":{"line":39,"column":9}},"line":28},"9":{"name":"(anonymous_9)","decl":{"start":{"line":44,"column":13},"end":{"line":44,"column":14}},"loc":{"start":{"line":44,"column":25},"end":{"line":46,"column":9}},"line":44},"10":{"name":"(anonymous_10)","decl":{"start":{"line":47,"column":13},"end":{"line":47,"column":14}},"loc":{"start":{"line":47,"column":34},"end":{"line":54,"column":9}},"line":47},"11":{"name":"(anonymous_11)","decl":{"start":{"line":58,"column":33},"end":{"line":58,"column":34}},"loc":{"start":{"line":58,"column":50},"end":{"line":60,"column":5}},"line":58},"12":{"name":"(anonymous_12)","decl":{"start":{"line":61,"column":33},"end":{"line":61,"column":34}},"loc":{"start":{"line":61,"column":57},"end":{"line":63,"column":5}},"line":61},"13":{"name":"(anonymous_13)","decl":{"start":{"line":64,"column":34},"end":{"line":64,"column":35}},"loc":{"start":{"line":64,"column":51},"end":{"line":76,"column":5}},"line":64},"14":{"name":"(anonymous_14)","decl":{"start":{"line":77,"column":33},"end":{"line":77,"column":34}},"loc":{"start":{"line":77,"column":45},"end":{"line":79,"column":5}},"line":77},"15":{"name":"(anonymous_15)","decl":{"start":{"line":80,"column":36},"end":{"line":80,"column":37}},"loc":{"start":{"line":80,"column":66},"end":{"line":108,"column":5}},"line":80},"16":{"name":"(anonymous_16)","decl":{"start":{"line":109,"column":39},"end":{"line":109,"column":40}},"loc":{"start":{"line":109,"column":56},"end":{"line":116,"column":5}},"line":109},"17":{"name":"(anonymous_17)","decl":{"start":{"line":117,"column":43},"end":{"line":117,"column":44}},"loc":{"start":{"line":117,"column":75},"end":{"line":146,"column":5}},"line":117},"18":{"name":"(anonymous_18)","decl":{"start":{"line":147,"column":45},"end":{"line":147,"column":46}},"loc":{"start":{"line":147,"column":62},"end":{"line":149,"column":5}},"line":147}},"branchMap":{"0":{"loc":{"start":{"line":2,"column":16},"end":{"line":11,"column":4}},"type":"binary-expr","locations":[{"start":{"line":2,"column":17},"end":{"line":2,"column":21}},{"start":{"line":2,"column":25},"end":{"line":2,"column":39}},{"start":{"line":2,"column":44},"end":{"line":11,"column":4}}],"line":2},"1":{"loc":{"start":{"line":3,"column":24},"end":{"line":5,"column":82}},"type":"binary-expr","locations":[{"start":{"line":3,"column":24},"end":{"line":3,"column":45}},{"start":{"line":4,"column":9},"end":{"line":4,"column":43}},{"start":{"line":4,"column":47},"end":{"line":4,"column":83}},{"start":{"line":5,"column":8},"end":{"line":5,"column":82}}],"line":3},"2":{"loc":{"start":{"line":5,"column":43},"end":{"line":5,"column":80}},"type":"if","locations":[{"start":{"line":5,"column":43},"end":{"line":5,"column":80}},{"start":{"line":5,"column":43},"end":{"line":5,"column":80}}],"line":5},"3":{"loc":{"start":{"line":9,"column":22},"end":{"line":9,"column":92}},"type":"cond-expr","locations":[{"start":{"line":9,"column":35},"end":{"line":9,"column":51}},{"start":{"line":9,"column":55},"end":{"line":9,"column":91}}],"line":9},"4":{"loc":{"start":{"line":17,"column":20},"end":{"line":17,"column":45}},"type":"binary-expr","locations":[{"start":{"line":17,"column":20},"end":{"line":17,"column":37}},{"start":{"line":17,"column":41},"end":{"line":17,"column":45}}],"line":17},"5":{"loc":{"start":{"line":29,"column":12},"end":{"line":31,"column":13}},"type":"if","locations":[{"start":{"line":29,"column":12},"end":{"line":31,"column":13}},{"start":{"line":29,"column":12},"end":{"line":31,"column":13}}],"line":29},"6":{"loc":{"start":{"line":48,"column":12},"end":{"line":52,"column":13}},"type":"if","locations":[{"start":{"line":48,"column":12},"end":{"line":52,"column":13}},{"start":{"line":48,"column":12},"end":{"line":52,"column":13}}],"line":48},"7":{"loc":{"start":{"line":66,"column":8},"end":{"line":75,"column":9}},"type":"if","locations":[{"start":{"line":66,"column":8},"end":{"line":75,"column":9}},{"start":{"line":66,"column":8},"end":{"line":75,"column":9}}],"line":66},"8":{"loc":{"start":{"line":68,"column":12},"end":{"line":70,"column":13}},"type":"if","locations":[{"start":{"line":68,"column":12},"end":{"line":70,"column":13}},{"start":{"line":68,"column":12},"end":{"line":70,"column":13}}],"line":68},"9":{"loc":{"start":{"line":85,"column":8},"end":{"line":90,"column":9}},"type":"if","locations":[{"start":{"line":85,"column":8},"end":{"line":90,"column":9}},{"start":{"line":85,"column":8},"end":{"line":90,"column":9}}],"line":85},"10":{"loc":{"start":{"line":91,"column":8},"end":{"line":107,"column":9}},"type":"if","locations":[{"start":{"line":91,"column":8},"end":{"line":107,"column":9}},{"start":{"line":91,"column":8},"end":{"line":107,"column":9}}],"line":91},"11":{"loc":{"start":{"line":91,"column":12},"end":{"line":91,"column":33}},"type":"binary-expr","locations":[{"start":{"line":91,"column":12},"end":{"line":91,"column":17}},{"start":{"line":91,"column":21},"end":{"line":91,"column":33}}],"line":91},"12":{"loc":{"start":{"line":98,"column":12},"end":{"line":106,"column":13}},"type":"if","locations":[{"start":{"line":98,"column":12},"end":{"line":106,"column":13}},{"start":{"line":98,"column":12},"end":{"line":106,"column":13}}],"line":98},"13":{"loc":{"start":{"line":110,"column":8},"end":{"line":112,"column":9}},"type":"if","locations":[{"start":{"line":110,"column":8},"end":{"line":112,"column":9}},{"start":{"line":110,"column":8},"end":{"line":112,"column":9}}],"line":110},"14":{"loc":{"start":{"line":118,"column":8},"end":{"line":120,"column":9}},"type":"if","locations":[{"start":{"line":118,"column":8},"end":{"line":120,"column":9}},{"start":{"line":118,"column":8},"end":{"line":120,"column":9}}],"line":118},"15":{"loc":{"start":{"line":121,"column":8},"end":{"line":123,"column":9}},"type":"if","locations":[{"start":{"line":121,"column":8},"end":{"line":123,"column":9}},{"start":{"line":121,"column":8},"end":{"line":123,"column":9}}],"line":121},"16":{"loc":{"start":{"line":121,"column":12},"end":{"line":121,"column":46}},"type":"binary-expr","locations":[{"start":{"line":121,"column":12},"end":{"line":121,"column":21}},{"start":{"line":121,"column":25},"end":{"line":121,"column":46}}],"line":121},"17":{"loc":{"start":{"line":124,"column":8},"end":{"line":126,"column":9}},"type":"if","locations":[{"start":{"line":124,"column":8},"end":{"line":126,"column":9}},{"start":{"line":124,"column":8},"end":{"line":126,"column":9}}],"line":124},"18":{"loc":{"start":{"line":127,"column":8},"end":{"line":145,"column":9}},"type":"if","locations":[{"start":{"line":127,"column":8},"end":{"line":145,"column":9}},{"start":{"line":127,"column":8},"end":{"line":145,"column":9}}],"line":127},"19":{"loc":{"start":{"line":132,"column":12},"end":{"line":139,"column":13}},"type":"if","locations":[{"start":{"line":132,"column":12},"end":{"line":139,"column":13}},{"start":{"line":132,"column":12},"end":{"line":139,"column":13}}],"line":132}},"s":{"0":1,"1":1,"2":0,"3":0,"4":0,"5":0,"6":1,"7":1,"8":1,"9":1,"10":1,"11":1,"12":1,"13":1,"14":2954,"15":2954,"16":2954,"17":2954,"18":2954,"19":2954,"20":1,"21":149100,"22":15,"23":0,"24":15,"25":15,"26":304,"27":15,"28":15,"29":15,"30":1,"31":4131,"32":6,"33":3,"34":7,"35":6,"36":1,"37":109535,"38":1,"39":140,"40":1,"41":35624,"42":35624,"43":6,"44":6,"45":1,"46":6,"47":35618,"48":1,"49":27,"50":1,"51":100,"52":100,"53":54,"54":100,"55":49,"56":1106,"57":49,"58":100,"59":52,"60":44,"61":52,"62":54,"63":52,"64":3,"65":3,"66":3,"67":3,"68":49,"69":1,"70":6,"71":1,"72":6,"73":6,"74":6,"75":1,"76":16,"77":1,"78":15,"79":2,"80":13,"81":1,"82":12,"83":6,"84":55,"85":6,"86":6,"87":2,"88":2,"89":2,"90":2,"91":2,"92":6,"93":51,"94":1,"95":147984,"96":1,"97":1},"f":{"0":1,"1":0,"2":0,"3":1,"4":1,"5":1,"6":2954,"7":149100,"8":15,"9":4131,"10":6,"11":109535,"12":140,"13":35624,"14":27,"15":100,"16":6,"17":16,"18":147984},"b":{"0":[1,1,1],"1":[1,0,0,0],"2":[0,0],"3":[0,1],"4":[2954,2954],"5":[0,15],"6":[3,3],"7":[6,35618],"8":[1,5],"9":[49,51],"10":[52,48],"11":[100,100],"12":[3,49],"13":[1,5],"14":[1,15],"15":[2,13],"16":[15,14],"17":[1,12],"18":[6,6],"19":[2,4]},"_coverageSchema":"332fd63041d2c1bcb487cc26dd0d5f7d97098a6c","hash":"cce83727ccb24c03bf1b1fee2c2b122c3e79a3c9","contentHash":"1228758346fc1f080f72577acaf42e4a_11.8.0"},"/home/daniel/dev/Tyriar/xterm.js/lib/EventEmitter.js":{"path":"/home/daniel/dev/Tyriar/xterm.js/lib/EventEmitter.js","statementMap":{"0":{"start":{"line":2,"column":0},"end":{"line":2,"column":62}},"1":{"start":{"line":3,"column":20},"end":{"line":62,"column":3}},"2":{"start":{"line":5,"column":8},"end":{"line":5,"column":42}},"3":{"start":{"line":7,"column":4},"end":{"line":10,"column":6}},"4":{"start":{"line":8,"column":8},"end":{"line":8,"column":54}},"5":{"start":{"line":9,"column":8},"end":{"line":9,"column":42}},"6":{"start":{"line":11,"column":4},"end":{"line":23,"column":6}},"7":{"start":{"line":12,"column":20},"end":{"line":12,"column":24}},"8":{"start":{"line":13,"column":8},"end":{"line":13,"column":31}},"9":{"start":{"line":14,"column":8},"end":{"line":22,"column":10}},"10":{"start":{"line":16,"column":16},"end":{"line":18,"column":17}},"11":{"start":{"line":17,"column":20},"end":{"line":17,"column":27}},"12":{"start":{"line":19,"column":16},"end":{"line":19,"column":41}},"13":{"start":{"line":20,"column":16},"end":{"line":20,"column":31}},"14":{"start":{"line":24,"column":4},"end":{"line":36,"column":6}},"15":{"start":{"line":25,"column":8},"end":{"line":27,"column":9}},"16":{"start":{"line":26,"column":12},"end":{"line":26,"column":19}},"17":{"start":{"line":28,"column":18},"end":{"line":28,"column":36}},"18":{"start":{"line":29,"column":16},"end":{"line":29,"column":26}},"19":{"start":{"line":30,"column":8},"end":{"line":35,"column":9}},"20":{"start":{"line":31,"column":12},"end":{"line":34,"column":13}},"21":{"start":{"line":32,"column":16},"end":{"line":32,"column":33}},"22":{"start":{"line":33,"column":16},"end":{"line":33,"column":23}},"23":{"start":{"line":37,"column":4},"end":{"line":41,"column":6}},"24":{"start":{"line":38,"column":8},"end":{"line":40,"column":9}},"25":{"start":{"line":39,"column":12},"end":{"line":39,"column":38}},"26":{"start":{"line":42,"column":4},"end":{"line":54,"column":6}},"27":{"start":{"line":43,"column":19},"end":{"line":43,"column":21}},"28":{"start":{"line":44,"column":8},"end":{"line":46,"column":9}},"29":{"start":{"line":45,"column":12},"end":{"line":45,"column":41}},"30":{"start":{"line":47,"column":8},"end":{"line":49,"column":9}},"31":{"start":{"line":48,"column":12},"end":{"line":48,"column":19}},"32":{"start":{"line":50,"column":18},"end":{"line":50,"column":36}},"33":{"start":{"line":51,"column":8},"end":{"line":53,"column":9}},"34":{"start":{"line":52,"column":12},"end":{"line":52,"column":37}},"35":{"start":{"line":55,"column":4},"end":{"line":57,"column":6}},"36":{"start":{"line":56,"column":8},"end":{"line":56,"column":40}},"37":{"start":{"line":58,"column":4},"end":{"line":60,"column":6}},"38":{"start":{"line":59,"column":8},"end":{"line":59,"column":26}},"39":{"start":{"line":61,"column":4},"end":{"line":61,"column":24}},"40":{"start":{"line":63,"column":0},"end":{"line":63,"column":36}}},"fnMap":{"0":{"name":"(anonymous_0)","decl":{"start":{"line":3,"column":20},"end":{"line":3,"column":21}},"loc":{"start":{"line":3,"column":32},"end":{"line":62,"column":1}},"line":3},"1":{"name":"EventEmitter","decl":{"start":{"line":4,"column":13},"end":{"line":4,"column":25}},"loc":{"start":{"line":4,"column":28},"end":{"line":6,"column":5}},"line":4},"2":{"name":"(anonymous_2)","decl":{"start":{"line":7,"column":32},"end":{"line":7,"column":33}},"loc":{"start":{"line":7,"column":58},"end":{"line":10,"column":5}},"line":7},"3":{"name":"(anonymous_3)","decl":{"start":{"line":11,"column":51},"end":{"line":11,"column":52}},"loc":{"start":{"line":11,"column":76},"end":{"line":23,"column":5}},"line":11},"4":{"name":"(anonymous_4)","decl":{"start":{"line":15,"column":21},"end":{"line":15,"column":22}},"loc":{"start":{"line":15,"column":33},"end":{"line":21,"column":13}},"line":15},"5":{"name":"(anonymous_5)","decl":{"start":{"line":24,"column":33},"end":{"line":24,"column":34}},"loc":{"start":{"line":24,"column":59},"end":{"line":36,"column":5}},"line":24},"6":{"name":"(anonymous_6)","decl":{"start":{"line":37,"column":48},"end":{"line":37,"column":49}},"loc":{"start":{"line":37,"column":64},"end":{"line":41,"column":5}},"line":37},"7":{"name":"(anonymous_7)","decl":{"start":{"line":42,"column":34},"end":{"line":42,"column":35}},"loc":{"start":{"line":42,"column":50},"end":{"line":54,"column":5}},"line":42},"8":{"name":"(anonymous_8)","decl":{"start":{"line":55,"column":39},"end":{"line":55,"column":40}},"loc":{"start":{"line":55,"column":55},"end":{"line":57,"column":5}},"line":55},"9":{"name":"(anonymous_9)","decl":{"start":{"line":58,"column":37},"end":{"line":58,"column":38}},"loc":{"start":{"line":58,"column":49},"end":{"line":60,"column":5}},"line":58}},"branchMap":{"0":{"loc":{"start":{"line":5,"column":23},"end":{"line":5,"column":41}},"type":"binary-expr","locations":[{"start":{"line":5,"column":23},"end":{"line":5,"column":35}},{"start":{"line":5,"column":39},"end":{"line":5,"column":41}}],"line":5},"1":{"loc":{"start":{"line":8,"column":29},"end":{"line":8,"column":53}},"type":"binary-expr","locations":[{"start":{"line":8,"column":29},"end":{"line":8,"column":47}},{"start":{"line":8,"column":51},"end":{"line":8,"column":53}}],"line":8},"2":{"loc":{"start":{"line":16,"column":16},"end":{"line":18,"column":17}},"type":"if","locations":[{"start":{"line":16,"column":16},"end":{"line":18,"column":17}},{"start":{"line":16,"column":16},"end":{"line":18,"column":17}}],"line":16},"3":{"loc":{"start":{"line":25,"column":8},"end":{"line":27,"column":9}},"type":"if","locations":[{"start":{"line":25,"column":8},"end":{"line":27,"column":9}},{"start":{"line":25,"column":8},"end":{"line":27,"column":9}}],"line":25},"4":{"loc":{"start":{"line":31,"column":12},"end":{"line":34,"column":13}},"type":"if","locations":[{"start":{"line":31,"column":12},"end":{"line":34,"column":13}},{"start":{"line":31,"column":12},"end":{"line":34,"column":13}}],"line":31},"5":{"loc":{"start":{"line":38,"column":8},"end":{"line":40,"column":9}},"type":"if","locations":[{"start":{"line":38,"column":8},"end":{"line":40,"column":9}},{"start":{"line":38,"column":8},"end":{"line":40,"column":9}}],"line":38},"6":{"loc":{"start":{"line":47,"column":8},"end":{"line":49,"column":9}},"type":"if","locations":[{"start":{"line":47,"column":8},"end":{"line":49,"column":9}},{"start":{"line":47,"column":8},"end":{"line":49,"column":9}}],"line":47},"7":{"loc":{"start":{"line":56,"column":15},"end":{"line":56,"column":39}},"type":"binary-expr","locations":[{"start":{"line":56,"column":15},"end":{"line":56,"column":33}},{"start":{"line":56,"column":37},"end":{"line":56,"column":39}}],"line":56}},"s":{"0":1,"1":1,"2":4716,"3":1,"4":46,"5":46,"6":1,"7":2,"8":2,"9":2,"10":1,"11":0,"12":1,"13":1,"14":1,"15":2,"16":0,"17":2,"18":2,"19":2,"20":3,"21":2,"22":2,"23":1,"24":1,"25":1,"26":1,"27":4465,"28":4465,"29":1169,"30":4465,"31":4446,"32":19,"33":19,"34":21,"35":1,"36":6,"37":1,"38":0,"39":1,"40":1},"f":{"0":1,"1":4716,"2":46,"3":2,"4":1,"5":2,"6":1,"7":4465,"8":6,"9":0},"b":{"0":[4716,4716],"1":[46,44],"2":[0,1],"3":[0,2],"4":[2,1],"5":[1,0],"6":[4446,19],"7":[6,2]},"_coverageSchema":"332fd63041d2c1bcb487cc26dd0d5f7d97098a6c","hash":"26f809d3f91389ee60365dcb966ccfa2678601e4","contentHash":"f16f2558e6d0120eaebd0e8bb80666b8_11.8.0"},"/home/daniel/dev/Tyriar/xterm.js/lib/shared/utils/Browser.js":{"path":"/home/daniel/dev/Tyriar/xterm.js/lib/shared/utils/Browser.js","statementMap":{"0":{"start":{"line":2,"column":0},"end":{"line":2,"column":62}},"1":{"start":{"line":3,"column":13},"end":{"line":3,"column":62}},"2":{"start":{"line":4,"column":16},"end":{"line":4,"column":55}},"3":{"start":{"line":5,"column":15},"end":{"line":5,"column":53}},"4":{"start":{"line":6,"column":0},"end":{"line":6,"column":52}},"5":{"start":{"line":7,"column":0},"end":{"line":7,"column":81}},"6":{"start":{"line":8,"column":0},"end":{"line":8,"column":82}},"7":{"start":{"line":9,"column":0},"end":{"line":9,"column":37}},"8":{"start":{"line":10,"column":0},"end":{"line":10,"column":41}},"9":{"start":{"line":11,"column":0},"end":{"line":11,"column":81}},"10":{"start":{"line":12,"column":0},"end":{"line":12,"column":49}},"11":{"start":{"line":14,"column":4},"end":{"line":14,"column":32}}},"fnMap":{"0":{"name":"contains","decl":{"start":{"line":13,"column":9},"end":{"line":13,"column":17}},"loc":{"start":{"line":13,"column":27},"end":{"line":15,"column":1}},"line":13}},"branchMap":{"0":{"loc":{"start":{"line":3,"column":13},"end":{"line":3,"column":62}},"type":"cond-expr","locations":[{"start":{"line":3,"column":50},"end":{"line":3,"column":54}},{"start":{"line":3,"column":57},"end":{"line":3,"column":62}}],"line":3},"1":{"loc":{"start":{"line":4,"column":16},"end":{"line":4,"column":55}},"type":"cond-expr","locations":[{"start":{"line":4,"column":27},"end":{"line":4,"column":33}},{"start":{"line":4,"column":36},"end":{"line":4,"column":55}}],"line":4},"2":{"loc":{"start":{"line":5,"column":15},"end":{"line":5,"column":53}},"type":"cond-expr","locations":[{"start":{"line":5,"column":26},"end":{"line":5,"column":32}},{"start":{"line":5,"column":35},"end":{"line":5,"column":53}}],"line":5},"3":{"loc":{"start":{"line":7,"column":17},"end":{"line":7,"column":80}},"type":"binary-expr","locations":[{"start":{"line":7,"column":17},"end":{"line":7,"column":45}},{"start":{"line":7,"column":49},"end":{"line":7,"column":80}}],"line":7}},"s":{"0":1,"1":1,"2":1,"3":1,"4":1,"5":1,"6":1,"7":1,"8":1,"9":1,"10":1,"11":2},"f":{"0":2},"b":{"0":[1,0],"1":[1,0],"2":[1,0],"3":[1,1]},"_coverageSchema":"332fd63041d2c1bcb487cc26dd0d5f7d97098a6c","hash":"361b8cdf7e463facca00db5a6cda91c5e813faac","contentHash":"0774752e8813bed10f3f9a17064818bc_11.8.0"},"/home/daniel/dev/Tyriar/xterm.js/lib/BufferSet.js":{"path":"/home/daniel/dev/Tyriar/xterm.js/lib/BufferSet.js","statementMap":{"0":{"start":{"line":2,"column":16},"end":{"line":11,"column":4}},"1":{"start":{"line":3,"column":24},"end":{"line":5,"column":82}},"2":{"start":{"line":4,"column":65},"end":{"line":4,"column":81}},"3":{"start":{"line":5,"column":26},"end":{"line":5,"column":80}},"4":{"start":{"line":5,"column":43},"end":{"line":5,"column":80}},"5":{"start":{"line":5,"column":68},"end":{"line":5,"column":80}},"6":{"start":{"line":6,"column":4},"end":{"line":10,"column":6}},"7":{"start":{"line":7,"column":8},"end":{"line":7,"column":28}},"8":{"start":{"line":8,"column":24},"end":{"line":8,"column":45}},"9":{"start":{"line":9,"column":8},"end":{"line":9,"column":93}},"10":{"start":{"line":12,"column":0},"end":{"line":12,"column":62}},"11":{"start":{"line":13,"column":15},"end":{"line":13,"column":34}},"12":{"start":{"line":14,"column":21},"end":{"line":14,"column":46}},"13":{"start":{"line":15,"column":17},"end":{"line":79,"column":30}},"14":{"start":{"line":16,"column":4},"end":{"line":16,"column":33}},"15":{"start":{"line":18,"column":20},"end":{"line":18,"column":45}},"16":{"start":{"line":19,"column":8},"end":{"line":19,"column":36}},"17":{"start":{"line":20,"column":8},"end":{"line":20,"column":67}},"18":{"start":{"line":21,"column":8},"end":{"line":21,"column":41}},"19":{"start":{"line":22,"column":8},"end":{"line":22,"column":65}},"20":{"start":{"line":23,"column":8},"end":{"line":23,"column":44}},"21":{"start":{"line":24,"column":8},"end":{"line":24,"column":30}},"22":{"start":{"line":25,"column":8},"end":{"line":25,"column":21}},"23":{"start":{"line":27,"column":4},"end":{"line":33,"column":7}},"24":{"start":{"line":29,"column":12},"end":{"line":29,"column":29}},"25":{"start":{"line":34,"column":4},"end":{"line":40,"column":7}},"26":{"start":{"line":36,"column":12},"end":{"line":36,"column":38}},"27":{"start":{"line":41,"column":4},"end":{"line":47,"column":7}},"28":{"start":{"line":43,"column":12},"end":{"line":43,"column":32}},"29":{"start":{"line":48,"column":4},"end":{"line":58,"column":6}},"30":{"start":{"line":49,"column":8},"end":{"line":51,"column":9}},"31":{"start":{"line":50,"column":12},"end":{"line":50,"column":19}},"32":{"start":{"line":52,"column":8},"end":{"line":52,"column":26}},"33":{"start":{"line":53,"column":8},"end":{"line":53,"column":42}},"34":{"start":{"line":54,"column":8},"end":{"line":57,"column":11}},"35":{"start":{"line":59,"column":4},"end":{"line":69,"column":6}},"36":{"start":{"line":60,"column":8},"end":{"line":62,"column":9}},"37":{"start":{"line":61,"column":12},"end":{"line":61,"column":19}},"38":{"start":{"line":63,"column":8},"end":{"line":63,"column":37}},"39":{"start":{"line":64,"column":8},"end":{"line":64,"column":39}},"40":{"start":{"line":65,"column":8},"end":{"line":68,"column":11}},"41":{"start":{"line":70,"column":4},"end":{"line":73,"column":6}},"42":{"start":{"line":71,"column":8},"end":{"line":71,"column":46}},"43":{"start":{"line":72,"column":8},"end":{"line":72,"column":43}},"44":{"start":{"line":74,"column":4},"end":{"line":77,"column":6}},"45":{"start":{"line":75,"column":8},"end":{"line":75,"column":38}},"46":{"start":{"line":76,"column":8},"end":{"line":76,"column":35}},"47":{"start":{"line":78,"column":4},"end":{"line":78,"column":21}},"48":{"start":{"line":80,"column":0},"end":{"line":80,"column":30}}},"fnMap":{"0":{"name":"(anonymous_0)","decl":{"start":{"line":2,"column":45},"end":{"line":2,"column":46}},"loc":{"start":{"line":2,"column":57},"end":{"line":11,"column":1}},"line":2},"1":{"name":"(anonymous_1)","decl":{"start":{"line":4,"column":47},"end":{"line":4,"column":48}},"loc":{"start":{"line":4,"column":63},"end":{"line":4,"column":83}},"line":4},"2":{"name":"(anonymous_2)","decl":{"start":{"line":5,"column":8},"end":{"line":5,"column":9}},"loc":{"start":{"line":5,"column":24},"end":{"line":5,"column":82}},"line":5},"3":{"name":"(anonymous_3)","decl":{"start":{"line":6,"column":11},"end":{"line":6,"column":12}},"loc":{"start":{"line":6,"column":27},"end":{"line":10,"column":5}},"line":6},"4":{"name":"__","decl":{"start":{"line":8,"column":17},"end":{"line":8,"column":19}},"loc":{"start":{"line":8,"column":22},"end":{"line":8,"column":47}},"line":8},"5":{"name":"(anonymous_5)","decl":{"start":{"line":15,"column":17},"end":{"line":15,"column":18}},"loc":{"start":{"line":15,"column":35},"end":{"line":79,"column":1}},"line":15},"6":{"name":"BufferSet","decl":{"start":{"line":17,"column":13},"end":{"line":17,"column":22}},"loc":{"start":{"line":17,"column":34},"end":{"line":26,"column":5}},"line":17},"7":{"name":"(anonymous_7)","decl":{"start":{"line":28,"column":13},"end":{"line":28,"column":14}},"loc":{"start":{"line":28,"column":25},"end":{"line":30,"column":9}},"line":28},"8":{"name":"(anonymous_8)","decl":{"start":{"line":35,"column":13},"end":{"line":35,"column":14}},"loc":{"start":{"line":35,"column":25},"end":{"line":37,"column":9}},"line":35},"9":{"name":"(anonymous_9)","decl":{"start":{"line":42,"column":13},"end":{"line":42,"column":14}},"loc":{"start":{"line":42,"column":25},"end":{"line":44,"column":9}},"line":42},"10":{"name":"(anonymous_10)","decl":{"start":{"line":48,"column":47},"end":{"line":48,"column":48}},"loc":{"start":{"line":48,"column":59},"end":{"line":58,"column":5}},"line":48},"11":{"name":"(anonymous_11)","decl":{"start":{"line":59,"column":44},"end":{"line":59,"column":45}},"loc":{"start":{"line":59,"column":56},"end":{"line":69,"column":5}},"line":59},"12":{"name":"(anonymous_12)","decl":{"start":{"line":70,"column":33},"end":{"line":70,"column":34}},"loc":{"start":{"line":70,"column":61},"end":{"line":73,"column":5}},"line":70},"13":{"name":"(anonymous_13)","decl":{"start":{"line":74,"column":40},"end":{"line":74,"column":41}},"loc":{"start":{"line":74,"column":53},"end":{"line":77,"column":5}},"line":74}},"branchMap":{"0":{"loc":{"start":{"line":2,"column":16},"end":{"line":11,"column":4}},"type":"binary-expr","locations":[{"start":{"line":2,"column":17},"end":{"line":2,"column":21}},{"start":{"line":2,"column":25},"end":{"line":2,"column":39}},{"start":{"line":2,"column":44},"end":{"line":11,"column":4}}],"line":2},"1":{"loc":{"start":{"line":3,"column":24},"end":{"line":5,"column":82}},"type":"binary-expr","locations":[{"start":{"line":3,"column":24},"end":{"line":3,"column":45}},{"start":{"line":4,"column":9},"end":{"line":4,"column":43}},{"start":{"line":4,"column":47},"end":{"line":4,"column":83}},{"start":{"line":5,"column":8},"end":{"line":5,"column":82}}],"line":3},"2":{"loc":{"start":{"line":5,"column":43},"end":{"line":5,"column":80}},"type":"if","locations":[{"start":{"line":5,"column":43},"end":{"line":5,"column":80}},{"start":{"line":5,"column":43},"end":{"line":5,"column":80}}],"line":5},"3":{"loc":{"start":{"line":9,"column":22},"end":{"line":9,"column":92}},"type":"cond-expr","locations":[{"start":{"line":9,"column":35},"end":{"line":9,"column":51}},{"start":{"line":9,"column":55},"end":{"line":9,"column":91}}],"line":9},"4":{"loc":{"start":{"line":18,"column":20},"end":{"line":18,"column":45}},"type":"binary-expr","locations":[{"start":{"line":18,"column":20},"end":{"line":18,"column":37}},{"start":{"line":18,"column":41},"end":{"line":18,"column":45}}],"line":18},"5":{"loc":{"start":{"line":49,"column":8},"end":{"line":51,"column":9}},"type":"if","locations":[{"start":{"line":49,"column":8},"end":{"line":51,"column":9}},{"start":{"line":49,"column":8},"end":{"line":51,"column":9}}],"line":49},"6":{"loc":{"start":{"line":60,"column":8},"end":{"line":62,"column":9}},"type":"if","locations":[{"start":{"line":60,"column":8},"end":{"line":62,"column":9}},{"start":{"line":60,"column":8},"end":{"line":62,"column":9}}],"line":60}},"s":{"0":1,"1":1,"2":0,"3":0,"4":0,"5":0,"6":1,"7":1,"8":1,"9":1,"10":1,"11":1,"12":1,"13":1,"14":1,"15":1448,"16":1448,"17":1448,"18":1448,"19":1448,"20":1448,"21":1448,"22":1448,"23":1,"24":3,"25":1,"26":143135,"27":1,"28":3,"29":1,"30":1,"31":1,"32":0,"33":0,"34":0,"35":1,"36":1,"37":0,"38":1,"39":1,"40":1,"41":1,"42":4,"43":4,"44":1,"45":1448,"46":1448,"47":1,"48":1},"f":{"0":1,"1":0,"2":0,"3":1,"4":1,"5":1,"6":1448,"7":3,"8":143135,"9":3,"10":1,"11":1,"12":4,"13":1448},"b":{"0":[1,1,1],"1":[1,0,0,0],"2":[0,0],"3":[0,1],"4":[1448,1448],"5":[1,0],"6":[0,1]},"_coverageSchema":"332fd63041d2c1bcb487cc26dd0d5f7d97098a6c","hash":"5b714eeaeb224a702651ac2708bb800e1d3f8416","contentHash":"cb641a04b8cace3084265c2759065142_11.8.0"},"/home/daniel/dev/Tyriar/xterm.js/lib/CompositionHelper.js":{"path":"/home/daniel/dev/Tyriar/xterm.js/lib/CompositionHelper.js","statementMap":{"0":{"start":{"line":2,"column":0},"end":{"line":2,"column":62}},"1":{"start":{"line":3,"column":25},"end":{"line":118,"column":3}},"2":{"start":{"line":5,"column":8},"end":{"line":5,"column":35}},"3":{"start":{"line":6,"column":8},"end":{"line":6,"column":49}},"4":{"start":{"line":7,"column":8},"end":{"line":7,"column":35}},"5":{"start":{"line":8,"column":8},"end":{"line":8,"column":34}},"6":{"start":{"line":9,"column":8},"end":{"line":9,"column":43}},"7":{"start":{"line":10,"column":8},"end":{"line":10,"column":63}},"8":{"start":{"line":12,"column":4},"end":{"line":17,"column":6}},"9":{"start":{"line":13,"column":8},"end":{"line":13,"column":33}},"10":{"start":{"line":14,"column":8},"end":{"line":14,"column":70}},"11":{"start":{"line":15,"column":8},"end":{"line":15,"column":47}},"12":{"start":{"line":16,"column":8},"end":{"line":16,"column":54}},"13":{"start":{"line":18,"column":4},"end":{"line":25,"column":6}},"14":{"start":{"line":19,"column":20},"end":{"line":19,"column":24}},"15":{"start":{"line":20,"column":8},"end":{"line":20,"column":52}},"16":{"start":{"line":21,"column":8},"end":{"line":21,"column":41}},"17":{"start":{"line":22,"column":8},"end":{"line":24,"column":14}},"18":{"start":{"line":23,"column":12},"end":{"line":23,"column":74}},"19":{"start":{"line":26,"column":4},"end":{"line":28,"column":6}},"20":{"start":{"line":27,"column":8},"end":{"line":27,"column":40}},"21":{"start":{"line":29,"column":4},"end":{"line":44,"column":6}},"22":{"start":{"line":30,"column":8},"end":{"line":38,"column":9}},"23":{"start":{"line":31,"column":12},"end":{"line":36,"column":13}},"24":{"start":{"line":32,"column":16},"end":{"line":32,"column":29}},"25":{"start":{"line":34,"column":17},"end":{"line":36,"column":13}},"26":{"start":{"line":35,"column":16},"end":{"line":35,"column":29}},"27":{"start":{"line":37,"column":12},"end":{"line":37,"column":45}},"28":{"start":{"line":39,"column":8},"end":{"line":42,"column":9}},"29":{"start":{"line":40,"column":12},"end":{"line":40,"column":45}},"30":{"start":{"line":41,"column":12},"end":{"line":41,"column":25}},"31":{"start":{"line":43,"column":8},"end":{"line":43,"column":20}},"32":{"start":{"line":45,"column":4},"end":{"line":75,"column":6}},"33":{"start":{"line":46,"column":20},"end":{"line":46,"column":24}},"34":{"start":{"line":47,"column":8},"end":{"line":47,"column":57}},"35":{"start":{"line":48,"column":8},"end":{"line":48,"column":34}},"36":{"start":{"line":49,"column":8},"end":{"line":49,"column":38}},"37":{"start":{"line":50,"column":8},"end":{"line":74,"column":9}},"38":{"start":{"line":51,"column":12},"end":{"line":51,"column":47}},"39":{"start":{"line":52,"column":24},"end":{"line":52,"column":118}},"40":{"start":{"line":53,"column":12},"end":{"line":53,"column":42}},"41":{"start":{"line":56,"column":47},"end":{"line":59,"column":13}},"42":{"start":{"line":60,"column":12},"end":{"line":60,"column":46}},"43":{"start":{"line":61,"column":12},"end":{"line":73,"column":18}},"44":{"start":{"line":62,"column":16},"end":{"line":72,"column":17}},"45":{"start":{"line":63,"column":20},"end":{"line":63,"column":56}},"46":{"start":{"line":64,"column":32},"end":{"line":64,"column":38}},"47":{"start":{"line":65,"column":20},"end":{"line":70,"column":21}},"48":{"start":{"line":66,"column":24},"end":{"line":66,"column":134}},"49":{"start":{"line":69,"column":24},"end":{"line":69,"column":100}},"50":{"start":{"line":71,"column":20},"end":{"line":71,"column":51}},"51":{"start":{"line":76,"column":4},"end":{"line":88,"column":6}},"52":{"start":{"line":77,"column":20},"end":{"line":77,"column":24}},"53":{"start":{"line":78,"column":23},"end":{"line":78,"column":43}},"54":{"start":{"line":79,"column":8},"end":{"line":87,"column":14}},"55":{"start":{"line":80,"column":12},"end":{"line":86,"column":13}},"56":{"start":{"line":81,"column":31},"end":{"line":81,"column":52}},"57":{"start":{"line":82,"column":27},"end":{"line":82,"column":57}},"58":{"start":{"line":83,"column":16},"end":{"line":85,"column":17}},"59":{"start":{"line":84,"column":20},"end":{"line":84,"column":50}},"60":{"start":{"line":89,"column":4},"end":{"line":112,"column":6}},"61":{"start":{"line":90,"column":20},"end":{"line":90,"column":24}},"62":{"start":{"line":91,"column":8},"end":{"line":93,"column":9}},"63":{"start":{"line":92,"column":12},"end":{"line":92,"column":19}},"64":{"start":{"line":94,"column":8},"end":{"line":108,"column":9}},"65":{"start":{"line":95,"column":29},"end":{"line":95,"column":109}},"66":{"start":{"line":96,"column":28},"end":{"line":96,"column":64}},"67":{"start":{"line":97,"column":29},"end":{"line":97,"column":87}},"68":{"start":{"line":98,"column":12},"end":{"line":98,"column":65}},"69":{"start":{"line":99,"column":12},"end":{"line":99,"column":63}},"70":{"start":{"line":100,"column":12},"end":{"line":100,"column":67}},"71":{"start":{"line":101,"column":12},"end":{"line":101,"column":71}},"72":{"start":{"line":102,"column":40},"end":{"line":102,"column":85}},"73":{"start":{"line":103,"column":12},"end":{"line":103,"column":58}},"74":{"start":{"line":104,"column":12},"end":{"line":104,"column":56}},"75":{"start":{"line":105,"column":12},"end":{"line":105,"column":76}},"76":{"start":{"line":106,"column":12},"end":{"line":106,"column":78}},"77":{"start":{"line":107,"column":12},"end":{"line":107,"column":82}},"78":{"start":{"line":109,"column":8},"end":{"line":111,"column":9}},"79":{"start":{"line":110,"column":12},"end":{"line":110,"column":89}},"80":{"start":{"line":110,"column":37},"end":{"line":110,"column":82}},"81":{"start":{"line":113,"column":4},"end":{"line":116,"column":6}},"82":{"start":{"line":114,"column":8},"end":{"line":114,"column":39}},"83":{"start":{"line":115,"column":8},"end":{"line":115,"column":38}},"84":{"start":{"line":117,"column":4},"end":{"line":117,"column":29}},"85":{"start":{"line":119,"column":0},"end":{"line":119,"column":46}}},"fnMap":{"0":{"name":"(anonymous_0)","decl":{"start":{"line":3,"column":25},"end":{"line":3,"column":26}},"loc":{"start":{"line":3,"column":37},"end":{"line":118,"column":1}},"line":3},"1":{"name":"CompositionHelper","decl":{"start":{"line":4,"column":13},"end":{"line":4,"column":30}},"loc":{"start":{"line":4,"column":71},"end":{"line":11,"column":5}},"line":4},"2":{"name":"(anonymous_2)","decl":{"start":{"line":12,"column":51},"end":{"line":12,"column":52}},"loc":{"start":{"line":12,"column":63},"end":{"line":17,"column":5}},"line":12},"3":{"name":"(anonymous_3)","decl":{"start":{"line":18,"column":52},"end":{"line":18,"column":53}},"loc":{"start":{"line":18,"column":66},"end":{"line":25,"column":5}},"line":18},"4":{"name":"(anonymous_4)","decl":{"start":{"line":22,"column":19},"end":{"line":22,"column":20}},"loc":{"start":{"line":22,"column":31},"end":{"line":24,"column":9}},"line":22},"5":{"name":"(anonymous_5)","decl":{"start":{"line":26,"column":49},"end":{"line":26,"column":50}},"loc":{"start":{"line":26,"column":61},"end":{"line":28,"column":5}},"line":26},"6":{"name":"(anonymous_6)","decl":{"start":{"line":29,"column":42},"end":{"line":29,"column":43}},"loc":{"start":{"line":29,"column":56},"end":{"line":44,"column":5}},"line":29},"7":{"name":"(anonymous_7)","decl":{"start":{"line":45,"column":55},"end":{"line":45,"column":56}},"loc":{"start":{"line":45,"column":85},"end":{"line":75,"column":5}},"line":45},"8":{"name":"(anonymous_8)","decl":{"start":{"line":61,"column":23},"end":{"line":61,"column":24}},"loc":{"start":{"line":61,"column":35},"end":{"line":73,"column":13}},"line":61},"9":{"name":"(anonymous_9)","decl":{"start":{"line":76,"column":60},"end":{"line":76,"column":61}},"loc":{"start":{"line":76,"column":72},"end":{"line":88,"column":5}},"line":76},"10":{"name":"(anonymous_10)","decl":{"start":{"line":79,"column":19},"end":{"line":79,"column":20}},"loc":{"start":{"line":79,"column":31},"end":{"line":87,"column":9}},"line":79},"11":{"name":"(anonymous_11)","decl":{"start":{"line":89,"column":60},"end":{"line":89,"column":61}},"loc":{"start":{"line":89,"column":83},"end":{"line":112,"column":5}},"line":89},"12":{"name":"(anonymous_12)","decl":{"start":{"line":110,"column":23},"end":{"line":110,"column":24}},"loc":{"start":{"line":110,"column":35},"end":{"line":110,"column":84}},"line":110},"13":{"name":"(anonymous_13)","decl":{"start":{"line":113,"column":57},"end":{"line":113,"column":58}},"loc":{"start":{"line":113,"column":69},"end":{"line":116,"column":5}},"line":113}},"branchMap":{"0":{"loc":{"start":{"line":30,"column":8},"end":{"line":38,"column":9}},"type":"if","locations":[{"start":{"line":30,"column":8},"end":{"line":38,"column":9}},{"start":{"line":30,"column":8},"end":{"line":38,"column":9}}],"line":30},"1":{"loc":{"start":{"line":30,"column":12},"end":{"line":30,"column":59}},"type":"binary-expr","locations":[{"start":{"line":30,"column":12},"end":{"line":30,"column":29}},{"start":{"line":30,"column":33},"end":{"line":30,"column":59}}],"line":30},"2":{"loc":{"start":{"line":31,"column":12},"end":{"line":36,"column":13}},"type":"if","locations":[{"start":{"line":31,"column":12},"end":{"line":36,"column":13}},{"start":{"line":31,"column":12},"end":{"line":36,"column":13}}],"line":31},"3":{"loc":{"start":{"line":34,"column":17},"end":{"line":36,"column":13}},"type":"if","locations":[{"start":{"line":34,"column":17},"end":{"line":36,"column":13}},{"start":{"line":34,"column":17},"end":{"line":36,"column":13}}],"line":34},"4":{"loc":{"start":{"line":34,"column":21},"end":{"line":34,"column":80}},"type":"binary-expr","locations":[{"start":{"line":34,"column":21},"end":{"line":34,"column":38}},{"start":{"line":34,"column":42},"end":{"line":34,"column":59}},{"start":{"line":34,"column":63},"end":{"line":34,"column":80}}],"line":34},"5":{"loc":{"start":{"line":39,"column":8},"end":{"line":42,"column":9}},"type":"if","locations":[{"start":{"line":39,"column":8},"end":{"line":42,"column":9}},{"start":{"line":39,"column":8},"end":{"line":42,"column":9}}],"line":39},"6":{"loc":{"start":{"line":50,"column":8},"end":{"line":74,"column":9}},"type":"if","locations":[{"start":{"line":50,"column":8},"end":{"line":74,"column":9}},{"start":{"line":50,"column":8},"end":{"line":74,"column":9}}],"line":50},"7":{"loc":{"start":{"line":62,"column":16},"end":{"line":72,"column":17}},"type":"if","locations":[{"start":{"line":62,"column":16},"end":{"line":72,"column":17}},{"start":{"line":62,"column":16},"end":{"line":72,"column":17}}],"line":62},"8":{"loc":{"start":{"line":65,"column":20},"end":{"line":70,"column":21}},"type":"if","locations":[{"start":{"line":65,"column":20},"end":{"line":70,"column":21}},{"start":{"line":65,"column":20},"end":{"line":70,"column":21}}],"line":65},"9":{"loc":{"start":{"line":80,"column":12},"end":{"line":86,"column":13}},"type":"if","locations":[{"start":{"line":80,"column":12},"end":{"line":86,"column":13}},{"start":{"line":80,"column":12},"end":{"line":86,"column":13}}],"line":80},"10":{"loc":{"start":{"line":83,"column":16},"end":{"line":85,"column":17}},"type":"if","locations":[{"start":{"line":83,"column":16},"end":{"line":85,"column":17}},{"start":{"line":83,"column":16},"end":{"line":85,"column":17}}],"line":83},"11":{"loc":{"start":{"line":91,"column":8},"end":{"line":93,"column":9}},"type":"if","locations":[{"start":{"line":91,"column":8},"end":{"line":93,"column":9}},{"start":{"line":91,"column":8},"end":{"line":93,"column":9}}],"line":91},"12":{"loc":{"start":{"line":94,"column":8},"end":{"line":108,"column":9}},"type":"if","locations":[{"start":{"line":94,"column":8},"end":{"line":108,"column":9}},{"start":{"line":94,"column":8},"end":{"line":108,"column":9}}],"line":94},"13":{"loc":{"start":{"line":109,"column":8},"end":{"line":111,"column":9}},"type":"if","locations":[{"start":{"line":109,"column":8},"end":{"line":111,"column":9}},{"start":{"line":109,"column":8},"end":{"line":111,"column":9}}],"line":109}},"s":{"0":1,"1":1,"2":7,"3":7,"4":7,"5":7,"6":7,"7":7,"8":1,"9":10,"10":10,"11":10,"12":10,"13":1,"14":24,"15":24,"16":24,"17":24,"18":24,"19":1,"20":10,"21":1,"22":0,"23":0,"24":0,"25":0,"26":0,"27":0,"28":0,"29":0,"30":0,"31":0,"32":1,"33":10,"34":10,"35":10,"36":10,"37":10,"38":0,"39":0,"40":0,"41":10,"42":10,"43":10,"44":10,"45":10,"46":10,"47":10,"48":1,"49":9,"50":10,"51":1,"52":0,"53":0,"54":0,"55":0,"56":0,"57":0,"58":0,"59":0,"60":1,"61":48,"62":48,"63":0,"64":48,"65":48,"66":48,"67":48,"68":48,"69":48,"70":48,"71":48,"72":48,"73":48,"74":48,"75":48,"76":48,"77":48,"78":48,"79":24,"80":24,"81":1,"82":10,"83":10,"84":1,"85":1},"f":{"0":1,"1":7,"2":10,"3":24,"4":24,"5":10,"6":0,"7":10,"8":10,"9":0,"10":0,"11":48,"12":24,"13":10},"b":{"0":[0,0],"1":[0,0],"2":[0,0],"3":[0,0],"4":[0,0,0],"5":[0,0],"6":[0,10],"7":[10,0],"8":[1,9],"9":[0,0],"10":[0,0],"11":[0,48],"12":[48,0],"13":[24,24]},"_coverageSchema":"332fd63041d2c1bcb487cc26dd0d5f7d97098a6c","hash":"1d1bd7ded4c195ac9b495bca9c429a6bdcd9bc05","contentHash":"7b0d5e7dc35e734eeb1be5d05e517900_11.8.0"},"/home/daniel/dev/Tyriar/xterm.js/lib/InputHandler.js":{"path":"/home/daniel/dev/Tyriar/xterm.js/lib/InputHandler.js","statementMap":{"0":{"start":{"line":2,"column":0},"end":{"line":2,"column":62}},"1":{"start":{"line":3,"column":24},"end":{"line":3,"column":52}},"2":{"start":{"line":4,"column":17},"end":{"line":4,"column":38}},"3":{"start":{"line":5,"column":15},"end":{"line":5,"column":34}},"4":{"start":{"line":6,"column":18},"end":
[...]
olumn":77},"end":{"line":34,"column":5}},"line":32}},"branchMap":{"0":{"loc":{"start":{"line":25,"column":4},"end":{"line":25,"column":53}},"type":"if","locations":[{"start":{"line":25,"column":4},"end":{"line":25,"column":53}},{"start":{"line":25,"column":4},"end":{"line":25,"column":53}}],"line":25},"1":{"loc":{"start":{"line":26,"column":4},"end":{"line":26,"column":45}},"type":"if","locations":[{"start":{"line":26,"column":4},"end":{"line":26,"column":45}},{"start":{"line":26,"column":4},"end":{"line":26,"column":45}}],"line":26}},"s":{"0":1,"1":1,"2":1,"3":1,"4":1,"5":1,"6":1,"7":1,"8":1,"9":1,"10":1,"11":1,"12":1,"13":1,"14":1,"15":1,"16":1,"17":1,"18":1,"19":0,"20":1,"21":1,"22":1,"23":1,"24":1,"25":1,"26":1,"27":1,"28":0,"29":1},"f":{"0":0,"1":1,"2":1,"3":0},"b":{"0":[1,0],"1":[1,0]},"_coverageSchema":"332fd63041d2c1bcb487cc26dd0d5f7d97098a6c","hash":"9818434cd86f2311facac8ab9480b8bff11a30e5","contentHash":"6740eff22c11d94d81ba03c960995a3c_11.8.0"},"/home/daniel/dev/Tyriar/xterm.js/lib/addons/winptyCompat/winptyCompat.js":{"path":"/home/daniel/dev/Tyriar/xterm.js/lib/addons/winptyCompat/winptyCompat.js","statementMap":{"0":{"start":{"line":2,"column":0},"end":{"line":2,"column":62}},"1":{"start":{"line":4,"column":24},"end":{"line":4,"column":32}},"2":{"start":{"line":5,"column":20},"end":{"line":5,"column":91}},"3":{"start":{"line":6,"column":4},"end":{"line":8,"column":5}},"4":{"start":{"line":7,"column":8},"end":{"line":7,"column":15}},"5":{"start":{"line":9,"column":4},"end":{"line":16,"column":7}},"6":{"start":{"line":10,"column":19},"end":{"line":10,"column":106}},"7":{"start":{"line":11,"column":23},"end":{"line":11,"column":51}},"8":{"start":{"line":12,"column":8},"end":{"line":15,"column":9}},"9":{"start":{"line":13,"column":27},"end":{"line":13,"column":110}},"10":{"start":{"line":14,"column":12},"end":{"line":14,"column":38}},"11":{"start":{"line":18,"column":0},"end":{"line":18,"column":44}},"12":{"start":{"line":20,"column":4},"end":{"line":22,"column":6}},"13":{"start":{"line":21,"column":8},"end":{"line":21,"column":31}},"14":{"start":{"line":24,"column":0},"end":{"line":24,"column":22}}},"fnMap":{"0":{"name":"winptyCompatInit","decl":{"start":{"line":3,"column":9},"end":{"line":3,"column":25}},"loc":{"start":{"line":3,"column":36},"end":{"line":17,"column":1}},"line":3},"1":{"name":"(anonymous_1)","decl":{"start":{"line":9,"column":33},"end":{"line":9,"column":34}},"loc":{"start":{"line":9,"column":45},"end":{"line":16,"column":5}},"line":9},"2":{"name":"apply","decl":{"start":{"line":19,"column":9},"end":{"line":19,"column":14}},"loc":{"start":{"line":19,"column":36},"end":{"line":23,"column":1}},"line":19},"3":{"name":"(anonymous_3)","decl":{"start":{"line":20,"column":53},"end":{"line":20,"column":54}},"loc":{"start":{"line":20,"column":65},"end":{"line":22,"column":5}},"line":20}},"branchMap":{"0":{"loc":{"start":{"line":6,"column":4},"end":{"line":8,"column":5}},"type":"if","locations":[{"start":{"line":6,"column":4},"end":{"line":8,"column":5}},{"start":{"line":6,"column":4},"end":{"line":8,"column":5}}],"line":6},"1":{"loc":{"start":{"line":12,"column":8},"end":{"line":15,"column":9}},"type":"if","locations":[{"start":{"line":12,"column":8},"end":{"line":15,"column":9}},{"start":{"line":12,"column":8},"end":{"line":15,"column":9}}],"line":12}},"s":{"0":1,"1":0,"2":0,"3":0,"4":0,"5":0,"6":0,"7":0,"8":0,"9":0,"10":0,"11":1,"12":1,"13":0,"14":1},"f":{"0":0,"1":0,"2":1,"3":0},"b":{"0":[0,0],"1":[0,0]},"_coverageSchema":"332fd63041d2c1bcb487cc26dd0d5f7d97098a6c","hash":"d9bad5058c4f9f68e3a3e3ae7a03782ba77fc4d3","contentHash":"9d7d7a69d9703a5c0082e3ea83b9d96f_11.8.0"},"/home/daniel/dev/Tyriar/xterm.js/lib/addons/zmodem/zmodem.js":{"path":"/home/daniel/dev/Tyriar/xterm.js/lib/addons/zmodem/zmodem.js","statementMap":{"0":{"start":{"line":2,"column":0},"end":{"line":2,"column":62}},"1":{"start":{"line":5,"column":4},"end":{"line":5,"column":39}},"2":{"start":{"line":5,"column":27},"end":{"line":5,"column":37}},"3":{"start":{"line":6,"column":15},"end":{"line":6,"column":19}},"4":{"start":{"line":7,"column":21},"end":{"line":7,"column":82}},"5":{"start":{"line":7,"column":41},"end":{"line":7,"column":80}},"6":{"start":{"line":10,"column":8},"end":{"line":10,"column":88}},"7":{"start":{"line":12,"column":4},"end":{"line":21,"column":7}},"8":{"start":{"line":14,"column":12},"end":{"line":16,"column":13}},"9":{"start":{"line":15,"column":16},"end":{"line":15,"column":70}},"10":{"start":{"line":19,"column":34},"end":{"line":19,"column":68}},"11":{"start":{"line":20,"column":42},"end":{"line":20,"column":86}},"12":{"start":{"line":23,"column":8},"end":{"line":30,"column":9}},"13":{"start":{"line":24,"column":12},"end":{"line":26,"column":13}},"14":{"start":{"line":25,"column":16},"end":{"line":25,"column":37}},"15":{"start":{"line":29,"column":12},"end":{"line":29,"column":38}},"16":{"start":{"line":32,"column":4},"end":{"line":32,"column":34}},"17":{"start":{"line":33,"column":4},"end":{"line":33,"column":52}},"18":{"start":{"line":36,"column":4},"end":{"line":36,"column":78}},"19":{"start":{"line":37,"column":4},"end":{"line":37,"column":62}},"20":{"start":{"line":38,"column":4},"end":{"line":38,"column":65}},"21":{"start":{"line":40,"column":0},"end":{"line":40,"column":22}}},"fnMap":{"0":{"name":"zmodemAttach","decl":{"start":{"line":4,"column":9},"end":{"line":4,"column":21}},"loc":{"start":{"line":4,"column":32},"end":{"line":34,"column":1}},"line":4},"1":{"name":"(anonymous_1)","decl":{"start":{"line":7,"column":21},"end":{"line":7,"column":22}},"loc":{"start":{"line":7,"column":39},"end":{"line":7,"column":82}},"line":7},"2":{"name":"_shouldWrite","decl":{"start":{"line":9,"column":13},"end":{"line":9,"column":25}},"loc":{"start":{"line":9,"column":28},"end":{"line":11,"column":5}},"line":9},"3":{"name":"(anonymous_3)","decl":{"start":{"line":13,"column":21},"end":{"line":13,"column":22}},"loc":{"start":{"line":13,"column":39},"end":{"line":17,"column":9}},"line":13},"4":{"name":"(anonymous_4)","decl":{"start":{"line":19,"column":20},"end":{"line":19,"column":21}},"loc":{"start":{"line":19,"column":32},"end":{"line":19,"column":70}},"line":19},"5":{"name":"(anonymous_5)","decl":{"start":{"line":20,"column":19},"end":{"line":20,"column":20}},"loc":{"start":{"line":20,"column":40},"end":{"line":20,"column":88}},"line":20},"6":{"name":"handleWSMessage","decl":{"start":{"line":22,"column":13},"end":{"line":22,"column":28}},"loc":{"start":{"line":22,"column":34},"end":{"line":31,"column":5}},"line":22},"7":{"name":"apply","decl":{"start":{"line":35,"column":9},"end":{"line":35,"column":14}},"loc":{"start":{"line":35,"column":36},"end":{"line":39,"column":1}},"line":35}},"branchMap":{"0":{"loc":{"start":{"line":5,"column":4},"end":{"line":5,"column":39}},"type":"if","locations":[{"start":{"line":5,"column":4},"end":{"line":5,"column":39}},{"start":{"line":5,"column":4},"end":{"line":5,"column":39}}],"line":5},"1":{"loc":{"start":{"line":10,"column":15},"end":{"line":10,"column":87}},"type":"binary-expr","locations":[{"start":{"line":10,"column":15},"end":{"line":10,"column":48}},{"start":{"line":10,"column":52},"end":{"line":10,"column":87}}],"line":10},"2":{"loc":{"start":{"line":14,"column":12},"end":{"line":16,"column":13}},"type":"if","locations":[{"start":{"line":14,"column":12},"end":{"line":16,"column":13}},{"start":{"line":14,"column":12},"end":{"line":16,"column":13}}],"line":14},"3":{"loc":{"start":{"line":23,"column":8},"end":{"line":30,"column":9}},"type":"if","locations":[{"start":{"line":23,"column":8},"end":{"line":30,"column":9}},{"start":{"line":23,"column":8},"end":{"line":30,"column":9}}],"line":23},"4":{"loc":{"start":{"line":24,"column":12},"end":{"line":26,"column":13}},"type":"if","locations":[{"start":{"line":24,"column":12},"end":{"line":26,"column":13}},{"start":{"line":24,"column":12},"end":{"line":26,"column":13}}],"line":24},"5":{"loc":{"start":{"line":36,"column":13},"end":{"line":36,"column":77}},"type":"cond-expr","locations":[{"start":{"line":36,"column":44},"end":{"line":36,"column":57}},{"start":{"line":36,"column":60},"end":{"line":36,"column":77}}],"line":36}},"s":{"0":1,"1":0,"2":0,"3":0,"4":0,"5":0,"6":0,"7":0,"8":0,"9":0,"10":0,"11":0,"12":0,"13":0,"14":0,"15":0,"16":0,"17":0,"18":1,"19":1,"20":1,"21":1},"f":{"0":0,"1":0,"2":0,"3":0,"4":0,"5":0,"6":0,"7":1},"b":{"0":[0,0],"1":[0,0],"2":[0,0],"3":[0,0],"4":[0,0],"5":[0,1]},"_coverageSchema":"332fd63041d2c1bcb487cc26dd0d5f7d97098a6c","hash":"b06b2a077423d283bda8f1bdf80e51eb4bb6563f","contentHash":"dbcd1646ba3cfef3e5f1596a664c98e0_11.8.0"},"/home/daniel/dev/Tyriar/xterm.js/lib/Terminal.integration.js":{"path":"/home/daniel/dev/Tyriar/xterm.js/lib/Terminal.integration.js","statementMap":{"0":{"start":{"line":2,"column":0},"end":{"line":2,"column":62}},"1":{"start":{"line":3,"column":9},"end":{"line":3,"column":33}},"2":{"start":{"line":4,"column":11},"end":{"line":4,"column":26}},"3":{"start":{"line":5,"column":9},"end":{"line":5,"column":22}},"4":{"start":{"line":6,"column":9},"end":{"line":6,"column":22}},"5":{"start":{"line":7,"column":11},"end":{"line":7,"column":26}},"6":{"start":{"line":8,"column":10},"end":{"line":8,"column":29}},"7":{"start":{"line":9,"column":13},"end":{"line":9,"column":28}},"8":{"start":{"line":10,"column":17},"end":{"line":10,"column":38}},"9":{"start":{"line":11,"column":15},"end":{"line":11,"column":34}},"10":{"start":{"line":14,"column":4},"end":{"line":14,"column":43}},"11":{"start":{"line":15,"column":4},"end":{"line":19,"column":7}},"12":{"start":{"line":16,"column":16},"end":{"line":16,"column":33}},"13":{"start":{"line":17,"column":20},"end":{"line":17,"column":71}},"14":{"start":{"line":18,"column":8},"end":{"line":18,"column":41}},"15":{"start":{"line":22,"column":4},"end":{"line":22,"column":29}},"16":{"start":{"line":26,"column":22},"end":{"line":26,"column":32}},"17":{"start":{"line":27,"column":8},"end":{"line":30,"column":10}},"18":{"start":{"line":28,"column":12},"end":{"line":28,"column":25}},"19":{"start":{"line":29,"column":12},"end":{"line":29,"column":70}},"20":{"start":{"line":32,"column":17},"end":{"line":32,"column":99}},"21":{"start":{"line":33,"column":12},"end":{"line":33,"column":14}},"22":{"start":{"line":34,"column":4},"end":{"line":34,"column":46}},"23":{"start":{"line":35,"column":4},"end":{"line":35,"column":40}},"24":{"start":{"line":36,"column":4},"end":{"line":36,"column":73}},"25":{"start":{"line":37,"column":4},"end":{"line":37,"column":40}},"26":{"start":{"line":38,"column":4},"end":{"line":38,"column":75}},"27":{"start":{"line":39,"column":4},"end":{"line":39,"column":13}},"28":{"start":{"line":42,"column":17},"end":{"line":42,"column":19}},"29":{"start":{"line":43,"column":19},"end":{"line":43,"column":21}},"30":{"start":{"line":44,"column":4},"end":{"line":52,"column":5}},"31":{"start":{"line":45,"column":8},"end":{"line":45,"column":22}},"32":{"start":{"line":46,"column":8},"end":{"line":48,"column":9}},"33":{"start":{"line":47,"column":12},"end":{"line":47,"column":89}},"34":{"start":{"line":49,"column":8},"end":{"line":49,"column":48}},"35":{"start":{"line":50,"column":8},"end":{"line":50,"column":27}},"36":{"start":{"line":51,"column":8},"end":{"line":51,"column":23}},"37":{"start":{"line":53,"column":4},"end":{"line":53,"column":18}},"38":{"start":{"line":55,"column":0},"end":{"line":105,"column":1}},"39":{"start":{"line":56,"column":24},"end":{"line":56,"column":35}},"40":{"start":{"line":57,"column":17},"end":{"line":57,"column":19}},"41":{"start":{"line":58,"column":17},"end":{"line":58,"column":19}},"42":{"start":{"line":59,"column":4},"end":{"line":59,"column":51}},"43":{"start":{"line":60,"column":4},"end":{"line":104,"column":7}},"44":{"start":{"line":62,"column":8},"end":{"line":68,"column":11}},"45":{"start":{"line":63,"column":12},"end":{"line":63,"column":76}},"46":{"start":{"line":64,"column":12},"end":{"line":64,"column":44}},"47":{"start":{"line":65,"column":12},"end":{"line":67,"column":14}},"48":{"start":{"line":69,"column":8},"end":{"line":69,"column":34}},"49":{"start":{"line":70,"column":20},"end":{"line":70,"column":99}},"50":{"start":{"line":71,"column":19},"end":{"line":76,"column":9}},"51":{"start":{"line":77,"column":8},"end":{"line":79,"column":9}},"52":{"start":{"line":78,"column":12},"end":{"line":78,"column":36}},"53":{"start":{"line":80,"column":8},"end":{"line":103,"column":9}},"54":{"start":{"line":81,"column":12},"end":{"line":83,"column":13}},"55":{"start":{"line":82,"column":16},"end":{"line":82,"column":25}},"56":{"start":{"line":84,"column":12},"end":{"line":102,"column":25}},"57":{"start":{"line":85,"column":16},"end":{"line":101,"column":19}},"58":{"start":{"line":86,"column":20},"end":{"line":100,"column":23}},"59":{"start":{"line":87,"column":37},"end":{"line":87,"column":70}},"60":{"start":{"line":88,"column":24},"end":{"line":99,"column":27}},"61":{"start":{"line":89,"column":28},"end":{"line":89,"column":60}},"62":{"start":{"line":90,"column":28},"end":{"line":90,"column":48}},"63":{"start":{"line":91,"column":47},"end":{"line":91,"column":70}},"64":{"start":{"line":92,"column":28},"end":{"line":92,"column":56}},"65":{"start":{"line":93,"column":43},"end":{"line":93,"column":100}},"66":{"start":{"line":94,"column":55},"end":{"line":94,"column":138}},"67":{"start":{"line":94,"column":95},"end":{"line":94,"column":124}},"68":{"start":{"line":95,"column":28},"end":{"line":97,"column":29}},"69":{"start":{"line":96,"column":32},"end":{"line":96,"column":93}},"70":{"start":{"line":98,"column":28},"end":{"line":98,"column":35}},"71":{"start":{"line":106,"column":0},"end":{"line":118,"column":3}},"72":{"start":{"line":107,"column":4},"end":{"line":117,"column":7}},"73":{"start":{"line":108,"column":8},"end":{"line":108,"column":28}},"74":{"start":{"line":109,"column":18},"end":{"line":109,"column":75}},"75":{"start":{"line":110,"column":8},"end":{"line":112,"column":9}},"76":{"start":{"line":111,"column":12},"end":{"line":111,"column":26}},"77":{"start":{"line":113,"column":25},"end":{"line":113,"column":79}},"78":{"start":{"line":114,"column":21},"end":{"line":114,"column":59}},"79":{"start":{"line":115,"column":8},"end":{"line":115,"column":158}},"80":{"start":{"line":116,"column":8},"end":{"line":116,"column":64}}},"fnMap":{"0":{"name":"ptyWriteRead","decl":{"start":{"line":13,"column":9},"end":{"line":13,"column":21}},"loc":{"start":{"line":13,"column":32},"end":{"line":20,"column":1}},"line":13},"1":{"name":"(anonymous_1)","decl":{"start":{"line":15,"column":15},"end":{"line":15,"column":16}},"loc":{"start":{"line":15,"column":27},"end":{"line":19,"column":5}},"line":15},"2":{"name":"ptyReset","decl":{"start":{"line":21,"column":9},"end":{"line":21,"column":17}},"loc":{"start":{"line":21,"column":22},"end":{"line":23,"column":1}},"line":21},"3":{"name":"formatError","decl":{"start":{"line":24,"column":9},"end":{"line":24,"column":20}},"loc":{"start":{"line":24,"column":46},"end":{"line":40,"column":1}},"line":24},"4":{"name":"addLineNumber","decl":{"start":{"line":25,"column":13},"end":{"line":25,"column":26}},"loc":{"start":{"line":25,"column":41},"end":{"line":31,"column":5}},"line":25},"5":{"name":"(anonymous_5)","decl":{"start":{"line":27,"column":15},"end":{"line":27,"column":16}},"loc":{"start":{"line":27,"column":28},"end":{"line":30,"column":9}},"line":27},"6":{"name":"terminalToString","decl":{"start":{"line":41,"column":9},"end":{"line":41,"column":25}},"loc":{"start":{"line":41,"column":32},"end":{"line":54,"column":1}},"line":41},"7":{"name":"(anonymous_7)","decl":{"start":{"line":60,"column":40},"end":{"line":60,"column":41}},"loc":{"start":{"line":60,"column":52},"end":{"line":104,"column":5}},"line":60},"8":{"name":"(anonymous_8)","decl":{"start":{"line":62,"column":19},"end":{"line":62,"column":20}},"loc":{"start":{"line":62,"column":31},"end":{"line":68,"column":9}},"line":62},"9":{"name":"(anonymous_9)","decl":{"start":{"line":64,"column":28},"end":{"line":64,"column":29}},"loc":{"start":{"line":64,"column":40},"end":{"line":64,"column":43}},"line":64},"10":{"name":"(anonymous_10)","decl":{"start":{"line":66,"column":32},"end":{"line":66,"column":33}},"loc":{"start":{"line":66,"column":44},"end":{"line":66,"column":47}},"line":66},"11":{"name":"(anonymous_11)","decl":{"start":{"line":84,"column":13},"end":{"line":84,"column":14}},"loc":{"start":{"line":84,"column":33},"end":{"line":102,"column":13}},"line":84},"12":{"name":"(anonymous_12)","decl":{"start":{"line":85,"column":53},"end":{"line":85,"column":54}},"loc":{"start":{"line":85,"column":69},"end":{"line":101,"column":17}},"line":85},"13":{"name":"(anonymous_13)","decl":{"start":{"line":86,"column":29},"end":{"line":86,"column":30}},"loc":{"start":{"line":86,"column":41},"end":{"line":100,"column":21}},"line":86},"14":{"name":"(anonymous_14)","decl":{"start":{"line":88,"column":45},"end":{"line":88,"column":46}},"loc":{"start":{"line":88,"column":64},"end":{"line":99,"column":25}},"line":88},"15":{"name":"(anonymous_15)","decl":{"start":{"line":94,"column":80},"end":{"line":94,"column":81}},"loc":{"start":{"line":94,"column":93},"end":{"line":94,"column":126}},"line":94},"16":{"name":"(anonymous_16)","decl":{"start":{"line":106,"column":20},"end":{"line":106,"column":21}},"loc":{"start":{"line":106,"column":32},"end":{"line":118,"column":1}},"line":106},"17":{"name":"(anonymous_17)","decl":{"start":{"line":107,"column":41},"end":{"line":107,"column":42}},"loc":{"start":{"line":107,"column":53},"end":{"line":117,"column":5}},"line":107}},"branchMap":{"0":{"loc":{"start":{"line":26,"column":22},"end":{"line":26,"column":32}},"type":"binary-expr","locations":[{"start":{"line":26,"column":22},"end":{"line":26,"column":27}},{"start":{"line":26,"column":31},"end":{"line":26,"column":32}}],"line":26},"1":{"loc":{"start":{"line":55,"column":0},"end":{"line":105,"column":1}},"type":"if","locations":[{"start":{"line":55,"column":0},"end":{"line":105,"column":1}},{"start":{"line":55,"column":0},"end":{"line":105,"column":1}}],"line":55},"2":{"loc":{"start":{"line":77,"column":8},"end":{"line":79,"column":9}},"type":"if","locations":[{"start":{"line":77,"column":8},"end":{"line":79,"column":9}},{"start":{"line":77,"column":8},"end":{"line":79,"column":9}}],"line":77},"3":{"loc":{"start":{"line":81,"column":12},"end":{"line":83,"column":13}},"type":"if","locations":[{"start":{"line":81,"column":12},"end":{"line":83,"column":13}},{"start":{"line":81,"column":12},"end":{"line":83,"column":13}}],"line":81},"4":{"loc":{"start":{"line":95,"column":28},"end":{"line":97,"column":29}},"type":"if","locations":[{"start":{"line":95,"column":28},"end":{"line":97,"column":29}},{"start":{"line":95,"column":28},"end":{"line":97,"column":29}}],"line":95},"5":{"loc":{"start":{"line":110,"column":8},"end":{"line":112,"column":9}},"type":"if","locations":[{"start":{"line":110,"column":8},"end":{"line":112,"column":9}},{"start":{"line":110,"column":8},"end":{"line":112,"column":9}}],"line":110}},"s":{"0":1,"1":1,"2":1,"3":1,"4":1,"5":1,"6":1,"7":1,"8":1,"9":1,"10":74,"11":74,"12":74,"13":74,"14":74,"15":37,"16":0,"17":0,"18":0,"19":0,"20":0,"21":0,"22":0,"23":0,"24":0,"25":0,"26":0,"27":0,"28":37,"29":37,"30":37,"31":925,"32":925,"33":74000,"34":925,"35":925,"36":925,"37":37,"38":1,"39":1,"40":1,"41":1,"42":1,"43":1,"44":1,"45":37,"46":37,"47":37,"48":1,"49":1,"50":1,"51":1,"52":0,"53":1,"54":69,"55":32,"56":37,"57":37,"58":37,"59":37,"60":37,"61":37,"62":37,"63":37,"64":37,"65":37,"66":37,"67":962,"68":37,"69":0,"70":37,"71":1,"72":1,"73":1,"74":1,"75":1,"76":0,"77":1,"78":1,"79":1,"80":1},"f":{"0":74,"1":74,"2":37,"3":0,"4":0,"5":0,"6":37,"7":1,"8":37,"9":37,"10":0,"11":37,"12":37,"13":37,"14":37,"15":962,"16":1,"17":1},"b":{"0":[0,0],"1":[1,0],"2":[0,1],"3":[32,37],"4":[0,37],"5":[0,1]},"_coverageSchema":"332fd63041d2c1bcb487cc26dd0d5f7d97098a6c","hash":"d631cc746638b5b4cd9ddfb09ffc3aef966b3aee","contentHash":"bb6181dece5d71217657de0f6cb0de21_11.8.0"}}